{"uuid":"1a3c3b0c-db91-4bf9-ac69-e62536ebbc5d","historyId":"d3275481af97780b6e54b747d993b736","fullName":"GuiTests.EgTest.Validate_data_in_home_page","labels":[{"name":"package","value":"GuiTests.EgTest"},{"name":"testClass","value":"GuiTests.EgTest"},{"name":"testMethod","value":"Validate_data_in_home_page"},{"name":"parentSuite","value":"Suite"},{"name":"suite","value":"Test"},{"name":"subSuite","value":"GuiTests.EgTest"},{"name":"host","value":"DESKTOP-J2G4S0G"},{"name":"thread","value":"9288@DESKTOP-J2G4S0G.main(1)"},{"name":"framework","value":"testng"},{"name":"language","value":"java"},{"name":"story","value":"Classic Bundle"},{"name":"feature","value":"GUI"},{"name":"epic","value":"QPROS DEMO"},{"name":"severity","value":"critical"}],"links":[],"name":"Check if Price, Currency, Type are valid ","status":"failed","statusDetails":{"known":false,"muted":false,"flaky":false,"message":"Assertion \"ValidateElementAttribute\" FAILED. Expected \"Value Should be 'CLASSIC' for the 'text' attribute, element locator 'By.xpath: /html/body/div[1]/div[3]/div/div/div/div[1]/div[2]/h4'\" and Actual \"Failed to read the desired element attribute\". Comparison Type \"CONTAINS\". Validation Type \"POSITIVE\". Root cause: \"java.lang.AssertionError: Failed to Get text from \"By.xpath: /html/body/div[1]/div[3]/div/div/div/div[1]/div[2]/h4\".\"","trace":"java.lang.AssertionError: Assertion \"ValidateElementAttribute\" FAILED. Expected \"Value Should be 'CLASSIC' for the 'text' attribute, element locator 'By.xpath: /html/body/div[1]/div[3]/div/div/div/div[1]/div[2]/h4'\" and Actual \"Failed to read the desired element attribute\". Comparison Type \"CONTAINS\". Validation Type \"POSITIVE\". Root cause: \"java.lang.AssertionError: Failed to Get text from \"By.xpath: /html/body/div[1]/div[3]/div/div/div/div[1]/div[2]/h4\".\"\r\n\tat org.testng.Assert.fail(Assert.java:98)\r\n\tat com.shaft.tools.io.internal.FailureReporter.fail(FailureReporter.java:34)\r\n\tat com.shaft.validation.internal.ValidationsHelper.reportValidationState(ValidationsHelper.java:735)\r\n\tat com.shaft.validation.internal.ValidationsHelper.fail(ValidationsHelper.java:450)\r\n\tat com.shaft.validation.internal.ValidationsHelper.validateElementAttribute(ValidationsHelper.java:165)\r\n\tat com.shaft.validation.internal.ValidationsExecutor.perform(ValidationsExecutor.java:149)\r\n\tat GuiTests.EgTest.Validate_data_in_home_page(EgTest.java:42)\r\n\tat java.base/jdk.internal.reflect.NativeMethodAccessorImpl.invoke0(Native Method)\r\n\tat java.base/jdk.internal.reflect.NativeMethodAccessorImpl.invoke(NativeMethodAccessorImpl.java:77)\r\n\tat java.base/jdk.internal.reflect.DelegatingMethodAccessorImpl.invoke(DelegatingMethodAccessorImpl.java:43)\r\n\tat java.base/java.lang.reflect.Method.invoke(Method.java:568)\r\n\tat org.testng.internal.invokers.MethodInvocationHelper.invokeMethod(MethodInvocationHelper.java:139)\r\n\tat org.testng.internal.invokers.TestInvoker.invokeMethod(TestInvoker.java:677)\r\n\tat org.testng.internal.invokers.TestInvoker.invokeTestMethod(TestInvoker.java:221)\r\n\tat org.testng.internal.invokers.MethodRunner.runInSequence(MethodRunner.java:50)\r\n\tat org.testng.internal.invokers.TestInvoker$MethodInvocationAgent.invoke(TestInvoker.java:969)\r\n\tat org.testng.internal.invokers.TestInvoker.invokeTestMethods(TestInvoker.java:194)\r\n\tat org.testng.internal.invokers.TestMethodWorker.invokeTestMethods(TestMethodWorker.java:148)\r\n\tat org.testng.internal.invokers.TestMethodWorker.run(TestMethodWorker.java:128)\r\n\tat java.base/java.util.ArrayList.forEach(ArrayList.java:1511)\r\n\tat org.testng.TestRunner.privateRun(TestRunner.java:829)\r\n\tat org.testng.TestRunner.run(TestRunner.java:602)\r\n\tat org.testng.SuiteRunner.runTest(SuiteRunner.java:437)\r\n\tat org.testng.SuiteRunner.runSequentially(SuiteRunner.java:431)\r\n\tat org.testng.SuiteRunner.privateRun(SuiteRunner.java:391)\r\n\tat org.testng.SuiteRunner.run(SuiteRunner.java:330)\r\n\tat org.testng.SuiteRunnerWorker.runSuite(SuiteRunnerWorker.java:52)\r\n\tat org.testng.SuiteRunnerWorker.run(SuiteRunnerWorker.java:95)\r\n\tat org.testng.TestNG.runSuitesSequentially(TestNG.java:1256)\r\n\tat org.testng.TestNG.runSuitesLocally(TestNG.java:1176)\r\n\tat org.testng.TestNG.runSuites(TestNG.java:1099)\r\n\tat org.testng.TestNG.run(TestNG.java:1067)\r\n\tat org.apache.maven.surefire.testng.TestNGExecutor.run(TestNGExecutor.java:155)\r\n\tat org.apache.maven.surefire.testng.TestNGDirectoryTestSuite.executeMulti(TestNGDirectoryTestSuite.java:169)\r\n\tat org.apache.maven.surefire.testng.TestNGDirectoryTestSuite.execute(TestNGDirectoryTestSuite.java:88)\r\n\tat org.apache.maven.surefire.testng.TestNGProvider.invoke(TestNGProvider.java:137)\r\n\tat org.apache.maven.surefire.booter.ForkedBooter.runSuitesInProcess(ForkedBooter.java:385)\r\n\tat org.apache.maven.surefire.booter.ForkedBooter.execute(ForkedBooter.java:162)\r\n\tat org.apache.maven.surefire.booter.ForkedBooter.run(ForkedBooter.java:507)\r\n\tat org.apache.maven.surefire.booter.ForkedBooter.main(ForkedBooter.java:495)\r\nCaused by: java.lang.AssertionError: Failed to Get text from \"By.xpath: /html/body/div[1]/div[3]/div/div/div/div[1]/div[2]/h4\".\r\n\tat org.testng.Assert.fail(Assert.java:110)\r\n\tat com.shaft.gui.element.internal.ElementActionsHelper.failAction(ElementActionsHelper.java:937)\r\n\tat com.shaft.gui.element.internal.ElementActionsHelper.failAction(ElementActionsHelper.java:869)\r\n\tat com.shaft.gui.element.internal.FluentElementActions.getText(FluentElementActions.java:581)\r\n\tat com.shaft.validation.internal.ValidationsHelper.validateElementAttribute(ValidationsHelper.java:154)\r\n\t... 35 more\r\n"},"stage":"finished","description":"Given the browser is open, When i navigate to Jawwy TV urlThen price, currency, type are visible & valid ","steps":[{"name":"Navigate to url \"nulleg-en\".","status":"passed","stage":"finished","steps":[],"attachments":[],"parameters":[],"start":1682938183092,"stop":1682938183093},{"name":"Assertion Failed: Verify type is valid","status":"passed","stage":"finished","steps":[],"attachments":[{"name":"Screenshot - 1682938243293_Validate_data_in_home_page_ValidateElementAttribute_failed","source":"1efa9beb-6b77-4485-bb3a-11cf4d7415d1-attachment.png","type":"image/png"},{"name":"Validation Test Data - Failure Reason","source":"ddc51cb0-2634-4bb7-875d-aca4a757a0d8-attachment"}],"parameters":[{"name":"customLog","value":"Assertion Failed: Verify type is valid"},{"name":"attachments","value":"[[Screenshot, 1682938243293_Validate_data_in_home_page_ValidateElementAttribute_failed, java.io.ByteArrayInputStream@514852d1], [Validation Test Data, Failure Reason, java.lang.AssertionError: Failed to Get text from \"By.xpath: /html/body/div[1]/div[3]/div/div/div/div[1]/div[2]/h4\".\r\n org.testng.Assert.fail(Assert.java:110)\r\n com.shaft.gui.element.internal.ElementActionsHelper.failAction(ElementActionsHelper.java:937)\r\n com.shaft.gui.element.internal.ElementActionsHelper.failAction(ElementActionsHelper.java:869)\r\n com.shaft.gui.element.internal.FluentElementActions.getText(FluentElementActions.java:581)\r\n com.shaft.validation.internal.ValidationsHelper.validateElementAttribute(ValidationsHelper.java:154)\r\n com.shaft.validation.internal.ValidationsExecutor.perform(ValidationsExecutor.java:149)\r\n GuiTests.EgTest.Validate_data_in_home_page(EgTest.java:42)\r\n java.base/jdk.internal.reflect.NativeMethodAccessorImpl.invoke0(Native Method)\r\n java.base/jdk.internal.reflect.NativeMethodAccessorImpl.invoke(NativeMethodAccessorImpl.java:77)\r\n java.base/jdk.internal.reflect.DelegatingMethodAccessorImpl.invoke(DelegatingMethodAccessorImpl.java:43)\r\n java.base/java.lang.reflect.Method.invoke(Method.java:568)\r\n org.testng.internal.invokers.MethodInvocationHelper.invokeMethod(MethodInvocationHelper.java:139)\r\n org.testng.internal.invokers.TestInvoker.invokeMethod(TestInvoker.java:677)\r\n org.testng.internal.invokers.TestInvoker.invokeTestMethod(TestInvoker.java:221)\r\n org.testng.internal.invokers.MethodRunner.runInSequence(MethodRunner.java:50)\r\n org.testng.internal.invokers.TestInvoker$MethodInvocationAgent.invoke(TestInvoker.java:969)\r\n org.testng.internal.invokers.TestInvoker.invokeTestMethods(TestInvoker.java:194)\r\n org.testng.internal.invokers.TestMethodWorker.invokeTestMethods(TestMethodWorker.java:148)\r\n org.testng.internal.invokers.TestMethodWorker.run(TestMethodWorker.java:128)\r\n java.base/java.util.ArrayList.forEach(ArrayList.java:1511)\r\n org.testng.TestRunner.privateRun(TestRunner.java:829)\r\n org.testng.TestRunner.run(TestRunner.java:602)\r\n org.testng.SuiteRunner.runTest(SuiteRunner.java:437)\r\n org.testng.SuiteRunner.runSequentially(SuiteRunner.java:431)\r\n org.testng.SuiteRunner.privateRun(SuiteRunner.java:391)\r\n org.testng.SuiteRunner.run(SuiteRunner.java:330)\r\n org.testng.SuiteRunnerWorker.runSuite(SuiteRunnerWorker.java:52)\r\n org.testng.SuiteRunnerWorker.run(SuiteRunnerWorker.java:95)\r\n org.testng.TestNG.runSuitesSequentially(TestNG.java:1256)\r\n org.testng.TestNG.runSuitesLocally(TestNG.java:1176)\r\n org.testng.TestNG.runSuites(TestNG.java:1099)\r\n org.testng.TestNG.run(TestNG.java:1067)\r\n org.apache.maven.surefire.testng.TestNGExecutor.run(TestNGExecutor.java:155)\r\n org.apache.maven.surefire.testng.TestNGDirectoryTestSuite.executeMulti(TestNGDirectoryTestSuite.java:169)\r\n org.apache.maven.surefire.testng.TestNGDirectoryTestSuite.execute(TestNGDirectoryTestSuite.java:88)\r\n org.apache.maven.surefire.testng.TestNGProvider.invoke(TestNGProvider.java:137)\r\n org.apache.maven.surefire.booter.ForkedBooter.runSuitesInProcess(ForkedBooter.java:385)\r\n org.apache.maven.surefire.booter.ForkedBooter.execute(ForkedBooter.java:162)\r\n org.apache.maven.surefire.booter.ForkedBooter.run(ForkedBooter.java:507)\r\n org.apache.maven.surefire.booter.ForkedBooter.main(ForkedBooter.java:495)\r\n]]"}],"start":1682938243917,"stop":1682938243924},{"name":"Assertion \"ValidateElementAttribute\" FAILED. Expected \"Value Should be 'CLASSIC' for the 'text' attribute, element locator 'By.xpath: /html/body/div[1]/div[3]/div/div/div/div[1]/div[2]/h4'\" and Actual \"Failed to read the desired element attribute\". Comparison Type \"CONTAINS\". Validation Type \"POSITIVE\". Root cause: \"java.lang.AssertionError: Failed to Get text from \"By.xpath: /html/body/div[1]/div[3]/div/div/div/div[1]/div[2]/h4\".\"","status":"passed","statusDetails":{"known":false,"muted":false,"flaky":false,"trace":"java.lang.AssertionError: Failed to Get text from \"By.xpath: /html/body/div[1]/div[3]/div/div/div/div[1]/div[2]/h4\".\r\n org.testng.Assert.fail(Assert.java:110)\r\n com.shaft.gui.element.internal.ElementActionsHelper.failAction(ElementActionsHelper.java:937)\r\n com.shaft.gui.element.internal.ElementActionsHelper.failAction(ElementActionsHelper.java:869)\r\n com.shaft.gui.element.internal.FluentElementActions.getText(FluentElementActions.java:581)\r\n com.shaft.validation.internal.ValidationsHelper.validateElementAttribute(ValidationsHelper.java:154)\r\n com.shaft.validation.internal.ValidationsExecutor.perform(ValidationsExecutor.java:149)\r\n GuiTests.EgTest.Validate_data_in_home_page(EgTest.java:42)\r\n java.base/jdk.internal.reflect.NativeMethodAccessorImpl.invoke0(Native Method)\r\n java.base/jdk.internal.reflect.NativeMethodAccessorImpl.invoke(NativeMethodAccessorImpl.java:77)\r\n java.base/jdk.internal.reflect.DelegatingMethodAccessorImpl.invoke(DelegatingMethodAccessorImpl.java:43)\r\n java.base/java.lang.reflect.Method.invoke(Method.java:568)\r\n org.testng.internal.invokers.MethodInvocationHelper.invokeMethod(MethodInvocationHelper.java:139)\r\n org.testng.internal.invokers.TestInvoker.invokeMethod(TestInvoker.java:677)\r\n org.testng.internal.invokers.TestInvoker.invokeTestMethod(TestInvoker.java:221)\r\n org.testng.internal.invokers.MethodRunner.runInSequence(MethodRunner.java:50)\r\n org.testng.internal.invokers.TestInvoker$MethodInvocationAgent.invoke(TestInvoker.java:969)\r\n org.testng.internal.invokers.TestInvoker.invokeTestMethods(TestInvoker.java:194)\r\n org.testng.internal.invokers.TestMethodWorker.invokeTestMethods(TestMethodWorker.java:148)\r\n org.testng.internal.invokers.TestMethodWorker.run(TestMethodWorker.java:128)\r\n java.base/java.util.ArrayList.forEach(ArrayList.java:1511)\r\n org.testng.TestRunner.privateRun(TestRunner.java:829)\r\n org.testng.TestRunner.run(TestRunner.java:602)\r\n org.testng.SuiteRunner.runTest(SuiteRunner.java:437)\r\n org.testng.SuiteRunner.runSequentially(SuiteRunner.java:431)\r\n org.testng.SuiteRunner.privateRun(SuiteRunner.java:391)\r\n org.testng.SuiteRunner.run(SuiteRunner.java:330)\r\n org.testng.SuiteRunnerWorker.runSuite(SuiteRunnerWorker.java:52)\r\n org.testng.SuiteRunnerWorker.run(SuiteRunnerWorker.java:95)\r\n org.testng.TestNG.runSuitesSequentially(TestNG.java:1256)\r\n org.testng.TestNG.runSuitesLocally(TestNG.java:1176)\r\n org.testng.TestNG.runSuites(TestNG.java:1099)\r\n org.testng.TestNG.run(TestNG.java:1067)\r\n org.apache.maven.surefire.testng.TestNGExecutor.run(TestNGExecutor.java:155)\r\n org.apache.maven.surefire.testng.TestNGDirectoryTestSuite.executeMulti(TestNGDirectoryTestSuite.java:169)\r\n org.apache.maven.surefire.testng.TestNGDirectoryTestSuite.execute(TestNGDirectoryTestSuite.java:88)\r\n org.apache.maven.surefire.testng.TestNGProvider.invoke(TestNGProvider.java:137)\r\n org.apache.maven.surefire.booter.ForkedBooter.runSuitesInProcess(ForkedBooter.java:385)\r\n org.apache.maven.surefire.booter.ForkedBooter.execute(ForkedBooter.java:162)\r\n org.apache.maven.surefire.booter.ForkedBooter.run(ForkedBooter.java:507)\r\n org.apache.maven.surefire.booter.ForkedBooter.main(ForkedBooter.java:495)"},"stage":"finished","steps":[],"attachments":[{"name":"Validations helper - Get  stack  trace - Exception Stacktrace","source":"23a470ae-a264-46ab-a2b4-ca9ca9f04c36-attachment"}],"parameters":[{"name":"logText","value":"Assertion \"ValidateElementAttribute\" FAILED. Expected \"Value Should be 'CLASSIC' for the 'text' attribute, element locator 'By.xpath: /html/body/div[1]/div[3]/div/div/div/div[1]/div[2]/h4'\" and Actual \"Failed to read the desired element attribute\". Comparison Type \"CONTAINS\". Validation Type \"POSITIVE\". Root cause: \"java.lang.AssertionError: Failed to Get text from \"By.xpath: /html/body/div[1]/div[3]/div/div/div/div[1]/div[2]/h4\".\""},{"name":"attachments","value":"[[Validations helper - Get  stack  trace, Exception Stacktrace, java.lang.AssertionError: Failed to Get text from \"By.xpath: /html/body/div[1]/div[3]/div/div/div/div[1]/div[2]/h4\".\r\n org.testng.Assert.fail(Assert.java:110)\r\n com.shaft.gui.element.internal.ElementActionsHelper.failAction(ElementActionsHelper.java:937)\r\n com.shaft.gui.element.internal.ElementActionsHelper.failAction(ElementActionsHelper.java:869)\r\n com.shaft.gui.element.internal.FluentElementActions.getText(FluentElementActions.java:581)\r\n com.shaft.validation.internal.ValidationsHelper.validateElementAttribute(ValidationsHelper.java:154)\r\n com.shaft.validation.internal.ValidationsExecutor.perform(ValidationsExecutor.java:149)\r\n GuiTests.EgTest.Validate_data_in_home_page(EgTest.java:42)\r\n java.base/jdk.internal.reflect.NativeMethodAccessorImpl.invoke0(Native Method)\r\n java.base/jdk.internal.reflect.NativeMethodAccessorImpl.invoke(NativeMethodAccessorImpl.java:77)\r\n java.base/jdk.internal.reflect.DelegatingMethodAccessorImpl.invoke(DelegatingMethodAccessorImpl.java:43)\r\n java.base/java.lang.reflect.Method.invoke(Method.java:568)\r\n org.testng.internal.invokers.MethodInvocationHelper.invokeMethod(MethodInvocationHelper.java:139)\r\n org.testng.internal.invokers.TestInvoker.invokeMethod(TestInvoker.java:677)\r\n org.testng.internal.invokers.TestInvoker.invokeTestMethod(TestInvoker.java:221)\r\n org.testng.internal.invokers.MethodRunner.runInSequence(MethodRunner.java:50)\r\n org.testng.internal.invokers.TestInvoker$MethodInvocationAgent.invoke(TestInvoker.java:969)\r\n org.testng.internal.invokers.TestInvoker.invokeTestMethods(TestInvoker.java:194)\r\n org.testng.internal.invokers.TestMethodWorker.invokeTestMethods(TestMethodWorker.java:148)\r\n org.testng.internal.invokers.TestMethodWorker.run(TestMethodWorker.java:128)\r\n java.base/java.util.ArrayList.forEach(ArrayList.java:1511)\r\n org.testng.TestRunner.privateRun(TestRunner.java:829)\r\n org.testng.TestRunner.run(TestRunner.java:602)\r\n org.testng.SuiteRunner.runTest(SuiteRunner.java:437)\r\n org.testng.SuiteRunner.runSequentially(SuiteRunner.java:431)\r\n org.testng.SuiteRunner.privateRun(SuiteRunner.java:391)\r\n org.testng.SuiteRunner.run(SuiteRunner.java:330)\r\n org.testng.SuiteRunnerWorker.runSuite(SuiteRunnerWorker.java:52)\r\n org.testng.SuiteRunnerWorker.run(SuiteRunnerWorker.java:95)\r\n org.testng.TestNG.runSuitesSequentially(TestNG.java:1256)\r\n org.testng.TestNG.runSuitesLocally(TestNG.java:1176)\r\n org.testng.TestNG.runSuites(TestNG.java:1099)\r\n org.testng.TestNG.run(TestNG.java:1067)\r\n org.apache.maven.surefire.testng.TestNGExecutor.run(TestNGExecutor.java:155)\r\n org.apache.maven.surefire.testng.TestNGDirectoryTestSuite.executeMulti(TestNGDirectoryTestSuite.java:169)\r\n org.apache.maven.surefire.testng.TestNGDirectoryTestSuite.execute(TestNGDirectoryTestSuite.java:88)\r\n org.apache.maven.surefire.testng.TestNGProvider.invoke(TestNGProvider.java:137)\r\n org.apache.maven.surefire.booter.ForkedBooter.runSuitesInProcess(ForkedBooter.java:385)\r\n org.apache.maven.surefire.booter.ForkedBooter.execute(ForkedBooter.java:162)\r\n org.apache.maven.surefire.booter.ForkedBooter.run(ForkedBooter.java:507)\r\n org.apache.maven.surefire.booter.ForkedBooter.main(ForkedBooter.java:495)\r\n]]"},{"name":"status","value":"FAIL"}],"start":1682938243925,"stop":1682938243926}],"attachments":[{"name":"SHAFT Engine Logs - Current Method log: beforeMethod","source":"a6485f43-c7dd-4848-aabd-aeb70ef26fc3-attachment.txt","type":"text/plain"},{"name":"SHAFT Engine Logs - Current Method log: Validate_data_in_home_page","source":"4bd58978-e1b5-46e8-87ed-ad71dbd42961-attachment.txt","type":"text/plain"}],"parameters":[],"start":1682938183067,"stop":1682938243929}