<?xml version="1.0" encoding="UTF-8"?>
<testsuite xmlns:xsi="http://www.w3.org/2001/XMLSchema-instance" xsi:noNamespaceSchemaLocation="https://maven.apache.org/surefire/maven-surefire-plugin/xsd/surefire-test-report-3.0.xsd" version="3.0" name="TestSuite" time="117.28" tests="7" errors="0" skipped="0" failures="7">
  <properties>
[...]
</properties>
  <testcase name="Validate_data_in_home_page" classname="GuiTests.BaTest" time="9.41">
    <failure message="Assertion &quot;ValidateElementAttribute&quot; FAILED. Expected &quot;Value Should be &apos;CLASSIC&apos; for the &apos;text&apos; attribute, element locator &apos;By.xpath: /html/body/div[1]/div[3]/div/div/div/div[1]/div[2]/h4&apos;&quot; and Actual &quot;Failed to read the desired element attribute&quot;. Comparison Type &quot;CONTAINS&quot;. Validation Type &quot;POSITIVE&quot;. Root cause: &quot;java.lang.AssertionError: Failed to Get text from &quot;By.xpath: /html/body/div[1]/div[3]/div/div/div/div[1]/div[2]/h4&quot;.&quot;" type="java.lang.AssertionError"><![CDATA[java.lang.AssertionError: Assertion "ValidateElementAttribute" FAILED. Expected "Value Should be 'CLASSIC' for the 'text' attribute, element locator 'By.xpath: /html/body/div[1]/div[3]/div/div/div/div[1]/div[2]/h4'" and Actual "Failed to read the desired element attribute". Comparison Type "CONTAINS". Validation Type "POSITIVE". Root cause: "java.lang.AssertionError: Failed to Get text from "By.xpath: /html/body/div[1]/div[3]/div/div/div/div[1]/div[2]/h4"."
	at org.testng.Assert.fail(Assert.java:98)
	at com.shaft.tools.io.internal.FailureReporter.fail(FailureReporter.java:34)
	at com.shaft.validation.internal.ValidationsHelper.reportValidationState(ValidationsHelper.java:735)
	at com.shaft.validation.internal.ValidationsHelper.fail(ValidationsHelper.java:450)
	at com.shaft.validation.internal.ValidationsHelper.validateElementAttribute(ValidationsHelper.java:165)
	at com.shaft.validation.internal.ValidationsExecutor.perform(ValidationsExecutor.java:149)
	at GuiTests.BaTest.Validate_data_in_home_page(BaTest.java:42)
	at java.base/jdk.internal.reflect.NativeMethodAccessorImpl.invoke0(Native Method)
	at java.base/jdk.internal.reflect.NativeMethodAccessorImpl.invoke(NativeMethodAccessorImpl.java:77)
	at java.base/jdk.internal.reflect.DelegatingMethodAccessorImpl.invoke(DelegatingMethodAccessorImpl.java:43)
	at java.base/java.lang.reflect.Method.invoke(Method.java:568)
	at org.testng.internal.invokers.MethodInvocationHelper.invokeMethod(MethodInvocationHelper.java:139)
	at org.testng.internal.invokers.TestInvoker.invokeMethod(TestInvoker.java:677)
	at org.testng.internal.invokers.TestInvoker.invokeTestMethod(TestInvoker.java:221)
	at org.testng.internal.invokers.MethodRunner.runInSequence(MethodRunner.java:50)
	at org.testng.internal.invokers.TestInvoker$MethodInvocationAgent.invoke(TestInvoker.java:969)
	at org.testng.internal.invokers.TestInvoker.invokeTestMethods(TestInvoker.java:194)
	at org.testng.internal.invokers.TestMethodWorker.invokeTestMethods(TestMethodWorker.java:148)
	at org.testng.internal.invokers.TestMethodWorker.run(TestMethodWorker.java:128)
	at java.base/java.util.ArrayList.forEach(ArrayList.java:1511)
	at org.testng.TestRunner.privateRun(TestRunner.java:829)
	at org.testng.TestRunner.run(TestRunner.java:602)
	at org.testng.SuiteRunner.runTest(SuiteRunner.java:437)
	at org.testng.SuiteRunner.runSequentially(SuiteRunner.java:431)
	at org.testng.SuiteRunner.privateRun(SuiteRunner.java:391)
	at org.testng.SuiteRunner.run(SuiteRunner.java:330)
	at org.testng.SuiteRunnerWorker.runSuite(SuiteRunnerWorker.java:52)
	at org.testng.SuiteRunnerWorker.run(SuiteRunnerWorker.java:95)
	at org.testng.TestNG.runSuitesSequentially(TestNG.java:1256)
	at org.testng.TestNG.runSuitesLocally(TestNG.java:1176)
	at org.testng.TestNG.runSuites(TestNG.java:1099)
	at org.testng.TestNG.run(TestNG.java:1067)
	at org.apache.maven.surefire.testng.TestNGExecutor.run(TestNGExecutor.java:155)
	at org.apache.maven.surefire.testng.TestNGDirectoryTestSuite.executeMulti(TestNGDirectoryTestSuite.java:169)
	at org.apache.maven.surefire.testng.TestNGDirectoryTestSuite.execute(TestNGDirectoryTestSuite.java:88)
	at org.apache.maven.surefire.testng.TestNGProvider.invoke(TestNGProvider.java:137)
	at org.apache.maven.surefire.booter.ForkedBooter.runSuitesInProcess(ForkedBooter.java:385)
	at org.apache.maven.surefire.booter.ForkedBooter.execute(ForkedBooter.java:162)
	at org.apache.maven.surefire.booter.ForkedBooter.run(ForkedBooter.java:507)
	at org.apache.maven.surefire.booter.ForkedBooter.main(ForkedBooter.java:495)
Caused by: java.lang.AssertionError: Failed to Get text from "By.xpath: /html/body/div[1]/div[3]/div/div/div/div[1]/div[2]/h4".
	at org.testng.Assert.fail(Assert.java:110)
	at com.shaft.gui.element.internal.ElementActionsHelper.failAction(ElementActionsHelper.java:937)
	at com.shaft.gui.element.internal.ElementActionsHelper.failAction(ElementActionsHelper.java:869)
	at com.shaft.gui.element.internal.FluentElementActions.getText(FluentElementActions.java:581)
	at com.shaft.validation.internal.ValidationsHelper.validateElementAttribute(ValidationsHelper.java:154)
	... 35 more
]]></failure>
    <system-out><![CDATA[&amp#27;[38;2;0;96;168;1m[INFO]&amp#27;[m &amp#27;[m
------------------------------------------------------------------------------------------------------------------------------------------------
                                                      Powered by SHAFT Engine v7.2.20230425                                                      
------------------------------------------------------------------------------------------------------------------------------------------------
 &amp#27;[m&amp#27;[90m| com.shaft.tools.io.ReportManager&amp#27;[m &amp#27;[90m- main&amp#27;[m &amp#27;[90m- 12:49:21 PM&amp#27;[m 
&amp#27;[38;2;0;96;168;1m[INFO]&amp#27;[m &amp#27;[mLoaded OpenCV "opencv_java470". &amp#27;[m&amp#27;[90m| com.shaft.tools.io.ReportManager&amp#27;[m &amp#27;[90m- main&amp#27;[m &amp#27;[90m- 12:49:22 PM&amp#27;[m 
&amp#27;[38;2;0;96;168;1m[INFO]&amp#27;[m &amp#27;[mFile Action "DeleteFolder" successfully performed. With the following test data "Target Folder: "execution-summary"". &amp#27;[m&amp#27;[90m| com.shaft.tools.io.ReportManager&amp#27;[m &amp#27;[90m- main&amp#27;[m &amp#27;[90m- 12:49:22 PM&amp#27;[m 
&amp#27;[38;2;0;96;168;1m[INFO]&amp#27;[m &amp#27;[mInitializing Allure Reporting Environment... &amp#27;[m&amp#27;[90m| com.shaft.tools.io.ReportManager&amp#27;[m &amp#27;[90m- main&amp#27;[m &amp#27;[90m- 12:49:22 PM&amp#27;[m 
&amp#27;[38;2;0;96;168;1m[INFO]&amp#27;[m &amp#27;[mInitializing Extent Reporting Environment... &amp#27;[m&amp#27;[90m| com.shaft.tools.io.ReportManager&amp#27;[m &amp#27;[90m- main&amp#27;[m &amp#27;[90m- 12:49:22 PM&amp#27;[m 
&amp#27;[38;2;0;96;168;1m[INFO]&amp#27;[m &amp#27;[m
------------------------------------------------------------------------------------------------------------------------------------------------
                                             Starting execution of suite setup configuration method                                             
                                          'com.shaft.listeners.internal.ConfigurationHelper.suiteSetup'                                          
------------------------------------------------------------------------------------------------------------------------------------------------
 &amp#27;[m&amp#27;[90m| com.shaft.tools.io.ReportManager&amp#27;[m &amp#27;[90m- main&amp#27;[m &amp#27;[90m- 12:49:23 PM&amp#27;[m 
&amp#27;[38;2;0;96;168;1m[INFO]&amp#27;[m &amp#27;[mInitializing Important Links... &amp#27;[m&amp#27;[90m| com.shaft.tools.io.ReportManager&amp#27;[m &amp#27;[90m- main&amp#27;[m &amp#27;[90m- 12:49:23 PM&amp#27;[m 
&amp#27;[38;2;0;96;168;1m[INFO]&amp#27;[m &amp#27;[mInitializing Properties... &amp#27;[m&amp#27;[90m| com.shaft.tools.io.ReportManager&amp#27;[m &amp#27;[90m- main&amp#27;[m &amp#27;[90m- 12:49:23 PM&amp#27;[m 
&amp#27;[38;2;0;96;168;1m[INFO]&amp#27;[m &amp#27;[m
------------------------------------------------------------------------------------------------------------------------------------------------
                                            Starting execution of before method configuration method                                            
                                                         'GuiTests.BaTest.beforeMethod'                                                         
------------------------------------------------------------------------------------------------------------------------------------------------
 &amp#27;[m&amp#27;[90m| com.shaft.tools.io.ReportManager&amp#27;[m &amp#27;[90m- main&amp#27;[m &amp#27;[90m- 12:49:23 PM&amp#27;[m 
&amp#27;[38;2;0;96;168;1m[INFO]&amp#27;[m &amp#27;[mSetting "targetOperatingSystem" property with "WINDOWS". &amp#27;[m&amp#27;[90m| com.shaft.tools.io.ReportManager&amp#27;[m &amp#27;[90m- main&amp#27;[m &amp#27;[90m- 12:49:24 PM&amp#27;[m 
&amp#27;[38;2;0;96;168;1m[INFO]&amp#27;[m &amp#27;[mFile Action "DoesFileExist" successfully performed. With the following test data "File Path: "target/downloadedFiles/"". &amp#27;[m&amp#27;[90m| com.shaft.tools.io.ReportManager&amp#27;[m &amp#27;[90m- main&amp#27;[m &amp#27;[90m- 12:49:24 PM&amp#27;[m 
&amp#27;[38;2;0;96;168;1m[INFO]&amp#27;[m &amp#27;[mFile Action "GetAbsolutePath" successfully performed. With the following test data "Relative Folder Path: "src/test/resources/testDataFiles/target/downloadedFiles/"". &amp#27;[m&amp#27;[90m| com.shaft.tools.io.ReportManager&amp#27;[m &amp#27;[90m- main&amp#27;[m &amp#27;[90m- 12:49:24 PM&amp#27;[m 
&amp#27;[38;2;0;96;168;1m[INFO]&amp#27;[m &amp#27;[mFile Action "DoesFileExist" successfully performed. With the following test data "File Path: "target/downloadedFiles/"". &amp#27;[m&amp#27;[90m| com.shaft.tools.io.ReportManager&amp#27;[m &amp#27;[90m- main&amp#27;[m &amp#27;[90m- 12:49:24 PM&amp#27;[m 
&amp#27;[38;2;0;96;168;1m[INFO]&amp#27;[m &amp#27;[mFile Action "GetAbsolutePath" successfully performed. With the following test data "Relative Folder Path: "src/test/resources/testDataFiles/target/downloadedFiles/"". &amp#27;[m&amp#27;[90m| com.shaft.tools.io.ReportManager&amp#27;[m &amp#27;[90m- main&amp#27;[m &amp#27;[90m- 12:49:24 PM&amp#27;[m 
&amp#27;[38;2;0;96;168;1m[INFO]&amp#27;[m &amp#27;[mAttempting to run locally on: "WINDOWS | Chrome". &amp#27;[m&amp#27;[90m| com.shaft.tools.io.ReportManager&amp#27;[m &amp#27;[90m- main&amp#27;[m &amp#27;[90m- 12:49:24 PM&amp#27;[m 
&amp#27;[38;2;0;96;168;1m[INFO]&amp#27;[m &amp#27;[mIdentifying OS/Driver combination and selecting the correct driver version automatically. Please note that if a new driver executable will be downloaded it may take some time... &amp#27;[m&amp#27;[90m| com.shaft.tools.io.ReportManager&amp#27;[m &amp#27;[90m- main&amp#27;[m &amp#27;[90m- 12:49:24 PM&amp#27;[m 
&amp#27;[38;2;0;96;168;1m[INFO]&amp#27;[m &amp#27;[mUsing chromedriver 112.0.5615.49 (resolved driver for Chrome 112) &amp#27;[m&amp#27;[90m| io.github.bonigarcia.wdm.WebDriverManager&amp#27;[m &amp#27;[90m- main&amp#27;[m &amp#27;[90m- 12:49:24 PM&amp#27;[m 
&amp#27;[38;2;0;96;168;1m[INFO]&amp#27;[m &amp#27;[mExporting webdriver.chrome.driver as C:\Users\haide\.cache\selenium\chromedriver\win32\112.0.5615.49\chromedriver.exe &amp#27;[m&amp#27;[90m| io.github.bonigarcia.wdm.WebDriverManager&amp#27;[m &amp#27;[90m- main&amp#27;[m &amp#27;[90m- 12:49:24 PM&amp#27;[m 
&amp#27;[33;1m[WARN]&amp#27;[m &amp#27;[mStarting ChromeDriver 112.0.5615.49 (bd2a7bcb881c11e8cfe3078709382934e3916914-refs/branch-heads/5615@{#936}) on port 3049 &amp#27;[m&amp#27;[90m| com.shaft.tools.io.ReportManager&amp#27;[m &amp#27;[90m- Exec Stream Pumper&amp#27;[m &amp#27;[90m- 12:49:24 PM&amp#27;[m 
&amp#27;[33;1m[WARN]&amp#27;[m &amp#27;[mOnly local connections are allowed. &amp#27;[m&amp#27;[90m| com.shaft.tools.io.ReportManager&amp#27;[m &amp#27;[90m- Exec Stream Pumper&amp#27;[m &amp#27;[90m- 12:49:24 PM&amp#27;[m 
&amp#27;[33;1m[WARN]&amp#27;[m &amp#27;[mPlease see https://chromedriver.chromium.org/security-considerations for suggestions on keeping ChromeDriver safe. &amp#27;[m&amp#27;[90m| com.shaft.tools.io.ReportManager&amp#27;[m &amp#27;[90m- Exec Stream Pumper&amp#27;[m &amp#27;[90m- 12:49:24 PM&amp#27;[m 
&amp#27;[33;1m[WARN]&amp#27;[m &amp#27;[mChromeDriver was started successfully. &amp#27;[m&amp#27;[90m| com.shaft.tools.io.ReportManager&amp#27;[m &amp#27;[90m- Exec Stream Pumper&amp#27;[m &amp#27;[90m- 12:49:24 PM&amp#27;[m 
&amp#27;[38;2;0;96;168;1m[INFO]&amp#27;[m &amp#27;[mSuccessfully Opened: "WINDOWS | Chrome". &amp#27;[m&amp#27;[90m| com.shaft.tools.io.ReportManager&amp#27;[m &amp#27;[90m- main&amp#27;[m &amp#27;[90m- 12:49:25 PM&amp#27;[m 
&amp#27;[38;2;0;96;168;1m[INFO]&amp#27;[m &amp#27;[m
------------------------------------------------------------------------------------------------------------------------------------------------
                                        Starting Execution: '1 out of 4' test cases in the current suite                                        
                                            Test Method: 'GuiTests.BaTest.Validate_data_in_home_page'                                            
                                              Test Description: 'Price, Currency, Type are valid '                                              
------------------------------------------------------------------------------------------------------------------------------------------------
 &amp#27;[m&amp#27;[90m| com.shaft.tools.io.ReportManager&amp#27;[m &amp#27;[90m- main&amp#27;[m &amp#27;[90m- 12:49:25 PM&amp#27;[m 
&amp#27;[38;2;0;96;168;1m[INFO]&amp#27;[m &amp#27;[mTarget URL: "nullba-en" &amp#27;[m&amp#27;[90m| com.shaft.tools.io.ReportManager&amp#27;[m &amp#27;[90m- main&amp#27;[m &amp#27;[90m- 12:49:25 PM&amp#27;[m 
&amp#27;[38;2;0;96;168;1m[INFO]&amp#27;[m &amp#27;[mNavigate to url "nullba-en". &amp#27;[m&amp#27;[90m| com.shaft.tools.io.ReportManager&amp#27;[m &amp#27;[90m- main&amp#27;[m &amp#27;[90m- 12:49:25 PM&amp#27;[m 
&amp#27;[38;2;0;96;168;1m[INFO]&amp#27;[m &amp#27;[mFailed to Get text from "By.xpath: /html/body/div[1]/div[3]/div/div/div/div[1]/div[2]/h4". &amp#27;[m&amp#27;[90m| com.shaft.tools.io.ReportManager&amp#27;[m &amp#27;[90m- main&amp#27;[m &amp#27;[90m- 12:49:35 PM&amp#27;[m 
&amp#27;[31;1m[ERROR]&amp#27;[m &amp#27;[morg.openqa.selenium.NoSuchWindowException: no such window: target window already closed
from unknown error: web view not found
  (Session info: chrome=112.0.5615.138)
Build info: version: '4.9.0', revision: 'd7057100a6'
System info: os.name: 'Windows 11', os.arch: 'amd64', os.version: '10.0', java.version: '17.0.7'
Driver info: org.openqa.selenium.chrome.ChromeDriver
Command: [5a53d4f17c84fa558abb06a0b20a302e, executeCdpCommand {cmd=Page.getLayoutMetrics, params={}}]
Capabilities {acceptInsecureCerts: true, browserName: chrome, browserVersion: 112.0.5615.138, chrome: {chromedriverVersion: 112.0.5615.49 (bd2a7bcb881c..., userDataDir: C:\Users\haide\AppData\Loca...}, goog:chromeOptions: {debuggerAddress: localhost:56671}, networkConnectionEnabled: false, pageLoadStrategy: none, platformName: WINDOWS, proxy: Proxy(), se:cdp: ws://localhost:56671/devtoo..., se:cdpVersion: 112.0.5615.138, setWindowRect: true, strictFileInteractability: false, timeouts: {implicit: 0, pageLoad: 60000, script: 30000}, unhandledPromptBehavior: accept and notify, webauthn:extension:credBlob: true, webauthn:extension:largeBlob: true, webauthn:extension:minPinLength: true, webauthn:extension:prf: true, webauthn:virtualAuthenticators: true}
Session ID: 5a53d4f17c84fa558abb06a0b20a302e
 java.base/jdk.internal.reflect.NativeConstructorAccessorImpl.newInstance0(Native Method)
 java.base/jdk.internal.reflect.NativeConstructorAccessorImpl.newInstance(NativeConstructorAccessorImpl.java:77)
 java.base/jdk.internal.reflect.DelegatingConstructorAccessorImpl.newInstance(DelegatingConstructorAccessorImpl.java:45)
 java.base/java.lang.reflect.Constructor.newInstanceWithCaller(Constructor.java:499)
 java.base/java.lang.reflect.Constructor.newInstance(Constructor.java:480)
 org.openqa.selenium.remote.codec.w3c.W3CHttpResponseCodec.createException(W3CHttpResponseCodec.java:200)
 org.openqa.selenium.remote.codec.w3c.W3CHttpResponseCodec.decode(W3CHttpResponseCodec.java:133)
 org.openqa.selenium.remote.codec.w3c.W3CHttpResponseCodec.decode(W3CHttpResponseCodec.java:53)
 org.openqa.selenium.remote.HttpCommandExecutor.execute(HttpCommandExecutor.java:193)
 org.openqa.selenium.remote.service.DriverCommandExecutor.invokeExecute(DriverCommandExecutor.java:183)
 org.openqa.selenium.remote.service.DriverCommandExecutor.execute(DriverCommandExecutor.java:158)
 org.openqa.selenium.remote.RemoteWebDriver.execute(RemoteWebDriver.java:543)
 org.openqa.selenium.remote.RemoteWebDriver.execute(RemoteWebDriver.java:598)
 org.openqa.selenium.remote.RemoteExecuteMethod.execute(RemoteExecuteMethod.java:40)
 org.openqa.selenium.chromium.AddHasCdp$1.executeCdpCommand(AddHasCdp.java:58)
 org.openqa.selenium.chromium.ChromiumDriver.executeCdpCommand(ChromiumDriver.java:212)
 com.shaft.gui.internal.image.ScreenshotHelper.makeFullScreenshot(ScreenshotHelper.java:32)
 com.shaft.gui.internal.image.ScreenshotManager.takeFullPageScreenshot(ScreenshotManager.java:258)
 com.shaft.gui.internal.image.ScreenshotManager.takeScreenshot(ScreenshotManager.java:432)
 com.shaft.gui.internal.image.ScreenshotManager.internalCaptureScreenShot(ScreenshotManager.java:378)
 com.shaft.gui.internal.image.ScreenshotManager.captureScreenShot(ScreenshotManager.java:123)
 com.shaft.validation.internal.ValidationsHelper.reportValidationState(ValidationsHelper.java:688)
 com.shaft.validation.internal.ValidationsHelper.fail(ValidationsHelper.java:450)
 com.shaft.validation.internal.ValidationsHelper.validateElementAttribute(ValidationsHelper.java:165)
 com.shaft.validation.internal.ValidationsExecutor.perform(ValidationsExecutor.java:149)
 GuiTests.BaTest.Validate_data_in_home_page(BaTest.java:42)
 java.base/jdk.internal.reflect.NativeMethodAccessorImpl.invoke0(Native Method)
 java.base/jdk.internal.reflect.NativeMethodAccessorImpl.invoke(NativeMethodAccessorImpl.java:77)
 java.base/jdk.internal.reflect.DelegatingMethodAccessorImpl.invoke(DelegatingMethodAccessorImpl.java:43)
 java.base/java.lang.reflect.Method.invoke(Method.java:568)
 org.testng.internal.invokers.MethodInvocationHelper.invokeMethod(MethodInvocationHelper.java:139)
 org.testng.internal.invokers.TestInvoker.invokeMethod(TestInvoker.java:677)
 org.testng.internal.invokers.TestInvoker.invokeTestMethod(TestInvoker.java:221)
 org.testng.internal.invokers.MethodRunner.runInSequence(MethodRunner.java:50)
 org.testng.internal.invokers.TestInvoker$MethodInvocationAgent.invoke(TestInvoker.java:969)
 org.testng.internal.invokers.TestInvoker.invokeTestMethods(TestInvoker.java:194)
 org.testng.internal.invokers.TestMethodWorker.invokeTestMethods(TestMethodWorker.java:148)
 org.testng.internal.invokers.TestMethodWorker.run(TestMethodWorker.java:128)
 java.base/java.util.ArrayList.forEach(ArrayList.java:1511)
 org.testng.TestRunner.privateRun(TestRunner.java:829)
 org.testng.TestRunner.run(TestRunner.java:602)
 org.testng.SuiteRunner.runTest(SuiteRunner.java:437)
 org.testng.SuiteRunner.runSequentially(SuiteRunner.java:431)
 org.testng.SuiteRunner.privateRun(SuiteRunner.java:391)
 org.testng.SuiteRunner.run(SuiteRunner.java:330)
 org.testng.SuiteRunnerWorker.runSuite(SuiteRunnerWorker.java:52)
 org.testng.SuiteRunnerWorker.run(SuiteRunnerWorker.java:95)
 org.testng.TestNG.runSuitesSequentially(TestNG.java:1256)
 org.testng.TestNG.runSuitesLocally(TestNG.java:1176)
 org.testng.TestNG.runSuites(TestNG.java:1099)
 org.testng.TestNG.run(TestNG.java:1067)
 org.apache.maven.surefire.testng.TestNGExecutor.run(TestNGExecutor.java:155)
 org.apache.maven.surefire.testng.TestNGDirectoryTestSuite.executeMulti(TestNGDirectoryTestSuite.java:169)
 org.apache.maven.surefire.testng.TestNGDirectoryTestSuite.execute(TestNGDirectoryTestSuite.java:88)
 org.apache.maven.surefire.testng.TestNGProvider.invoke(TestNGProvider.java:137)
 org.apache.maven.surefire.booter.ForkedBooter.runSuitesInProcess(ForkedBooter.java:385)
 org.apache.maven.surefire.booter.ForkedBooter.execute(ForkedBooter.java:162)
 org.apache.maven.surefire.booter.ForkedBooter.run(ForkedBooter.java:507)
 org.apache.maven.surefire.booter.ForkedBooter.main(ForkedBooter.java:495) &amp#27;[m&amp#27;[90m| com.shaft.tools.io.ReportManager&amp#27;[m &amp#27;[90m- main&amp#27;[m &amp#27;[90m- 12:49:35 PM&amp#27;[m 
&amp#27;[31;1m[ERROR]&amp#27;[m &amp#27;[morg.openqa.selenium.NoSuchWindowException: no such window: target window already closed
from unknown error: web view not found
  (Session info: chrome=112.0.5615.138)
Build info: version: '4.9.0', revision: 'd7057100a6'
System info: os.name: 'Windows 11', os.arch: 'amd64', os.version: '10.0', java.version: '17.0.7'
Driver info: org.openqa.selenium.chrome.ChromeDriver
Command: [5a53d4f17c84fa558abb06a0b20a302e, screenshot {}]
Capabilities {acceptInsecureCerts: true, browserName: chrome, browserVersion: 112.0.5615.138, chrome: {chromedriverVersion: 112.0.5615.49 (bd2a7bcb881c..., userDataDir: C:\Users\haide\AppData\Loca...}, goog:chromeOptions: {debuggerAddress: localhost:56671}, networkConnectionEnabled: false, pageLoadStrategy: none, platformName: WINDOWS, proxy: Proxy(), se:cdp: ws://localhost:56671/devtoo..., se:cdpVersion: 112.0.5615.138, setWindowRect: true, strictFileInteractability: false, timeouts: {implicit: 0, pageLoad: 60000, script: 30000}, unhandledPromptBehavior: accept and notify, webauthn:extension:credBlob: true, webauthn:extension:largeBlob: true, webauthn:extension:minPinLength: true, webauthn:extension:prf: true, webauthn:virtualAuthenticators: true}
Session ID: 5a53d4f17c84fa558abb06a0b20a302e
 java.base/jdk.internal.reflect.NativeConstructorAccessorImpl.newInstance0(Native Method)
 java.base/jdk.internal.reflect.NativeConstructorAccessorImpl.newInstance(NativeConstructorAccessorImpl.java:77)
 java.base/jdk.internal.reflect.DelegatingConstructorAccessorImpl.newInstance(DelegatingConstructorAccessorImpl.java:45)
 java.base/java.lang.reflect.Constructor.newInstanceWithCaller(Constructor.java:499)
 java.base/java.lang.reflect.Constructor.newInstance(Constructor.java:480)
 org.openqa.selenium.remote.codec.w3c.W3CHttpResponseCodec.createException(W3CHttpResponseCodec.java:200)
 org.openqa.selenium.remote.codec.w3c.W3CHttpResponseCodec.decode(W3CHttpResponseCodec.java:133)
 org.openqa.selenium.remote.codec.w3c.W3CHttpResponseCodec.decode(W3CHttpResponseCodec.java:53)
 org.openqa.selenium.remote.HttpCommandExecutor.execute(HttpCommandExecutor.java:193)
 org.openqa.selenium.remote.service.DriverCommandExecutor.invokeExecute(DriverCommandExecutor.java:183)
 org.openqa.selenium.remote.service.DriverCommandExecutor.execute(DriverCommandExecutor.java:158)
 org.openqa.selenium.remote.RemoteWebDriver.execute(RemoteWebDriver.java:543)
 org.openqa.selenium.remote.RemoteWebDriver.execute(RemoteWebDriver.java:598)
 org.openqa.selenium.remote.RemoteWebDriver.execute(RemoteWebDriver.java:602)
 org.openqa.selenium.remote.RemoteWebDriver.getScreenshotAs(RemoteWebDriver.java:318)
 com.shaft.gui.internal.image.ScreenshotManager.takeViewportScreenshot(ScreenshotManager.java:235)
 com.shaft.gui.internal.image.ScreenshotManager.takeFullPageScreenshot(ScreenshotManager.java:262)
 com.shaft.gui.internal.image.ScreenshotManager.takeScreenshot(ScreenshotManager.java:432)
 com.shaft.gui.internal.image.ScreenshotManager.internalCaptureScreenShot(ScreenshotManager.java:378)
 com.shaft.gui.internal.image.ScreenshotManager.captureScreenShot(ScreenshotManager.java:123)
 com.shaft.validation.internal.ValidationsHelper.reportValidationState(ValidationsHelper.java:688)
 com.shaft.validation.internal.ValidationsHelper.fail(ValidationsHelper.java:450)
 com.shaft.validation.internal.ValidationsHelper.validateElementAttribute(ValidationsHelper.java:165)
 com.shaft.validation.internal.ValidationsExecutor.perform(ValidationsExecutor.java:149)
 GuiTests.BaTest.Validate_data_in_home_page(BaTest.java:42)
 java.base/jdk.internal.reflect.NativeMethodAccessorImpl.invoke0(Native Method)
 java.base/jdk.internal.reflect.NativeMethodAccessorImpl.invoke(NativeMethodAccessorImpl.java:77)
 java.base/jdk.internal.reflect.DelegatingMethodAccessorImpl.invoke(DelegatingMethodAccessorImpl.java:43)
 java.base/java.lang.reflect.Method.invoke(Method.java:568)
 org.testng.internal.invokers.MethodInvocationHelper.invokeMethod(MethodInvocationHelper.java:139)
 org.testng.internal.invokers.TestInvoker.invokeMethod(TestInvoker.java:677)
 org.testng.internal.invokers.TestInvoker.invokeTestMethod(TestInvoker.java:221)
 org.testng.internal.invokers.MethodRunner.runInSequence(MethodRunner.java:50)
 org.testng.internal.invokers.TestInvoker$MethodInvocationAgent.invoke(TestInvoker.java:969)
 org.testng.internal.invokers.TestInvoker.invokeTestMethods(TestInvoker.java:194)
 org.testng.internal.invokers.TestMethodWorker.invokeTestMethods(TestMethodWorker.java:148)
 org.testng.internal.invokers.TestMethodWorker.run(TestMethodWorker.java:128)
 java.base/java.util.ArrayList.forEach(ArrayList.java:1511)
 org.testng.TestRunner.privateRun(TestRunner.java:829)
 org.testng.TestRunner.run(TestRunner.java:602)
 org.testng.SuiteRunner.runTest(SuiteRunner.java:437)
 org.testng.SuiteRunner.runSequentially(SuiteRunner.java:431)
 org.testng.SuiteRunner.privateRun(SuiteRunner.java:391)
 org.testng.SuiteRunner.run(SuiteRunner.java:330)
 org.testng.SuiteRunnerWorker.runSuite(SuiteRunnerWorker.java:52)
 org.testng.SuiteRunnerWorker.run(SuiteRunnerWorker.java:95)
 org.testng.TestNG.runSuitesSequentially(TestNG.java:1256)
 org.testng.TestNG.runSuitesLocally(TestNG.java:1176)
 org.testng.TestNG.runSuites(TestNG.java:1099)
 org.testng.TestNG.run(TestNG.java:1067)
 org.apache.maven.surefire.testng.TestNGExecutor.run(TestNGExecutor.java:155)
 org.apache.maven.surefire.testng.TestNGDirectoryTestSuite.executeMulti(TestNGDirectoryTestSuite.java:169)
 org.apache.maven.surefire.testng.TestNGDirectoryTestSuite.execute(TestNGDirectoryTestSuite.java:88)
 org.apache.maven.surefire.testng.TestNGProvider.invoke(TestNGProvider.java:137)
 org.apache.maven.surefire.booter.ForkedBooter.runSuitesInProcess(ForkedBooter.java:385)
 org.apache.maven.surefire.booter.ForkedBooter.execute(ForkedBooter.java:162)
 org.apache.maven.surefire.booter.ForkedBooter.run(ForkedBooter.java:507)
 org.apache.maven.surefire.booter.ForkedBooter.main(ForkedBooter.java:495) &amp#27;[m&amp#27;[90m| com.shaft.tools.io.ReportManager&amp#27;[m &amp#27;[90m- main&amp#27;[m &amp#27;[90m- 12:49:35 PM&amp#27;[m 
&amp#27;[31;1m[ERROR]&amp#27;[m &amp#27;[morg.openqa.selenium.NoSuchWindowException: no such window: target window already closed
from unknown error: web view not found
  (Session info: chrome=112.0.5615.138)
Build info: version: '4.9.0', revision: 'd7057100a6'
System info: os.name: 'Windows 11', os.arch: 'amd64', os.version: '10.0', java.version: '17.0.7'
Driver info: org.openqa.selenium.chrome.ChromeDriver
Command: [5a53d4f17c84fa558abb06a0b20a302e, screenshot {}]
Capabilities {acceptInsecureCerts: true, browserName: chrome, browserVersion: 112.0.5615.138, chrome: {chromedriverVersion: 112.0.5615.49 (bd2a7bcb881c..., userDataDir: C:\Users\haide\AppData\Loca...}, goog:chromeOptions: {debuggerAddress: localhost:56671}, networkConnectionEnabled: false, pageLoadStrategy: none, platformName: WINDOWS, proxy: Proxy(), se:cdp: ws://localhost:56671/devtoo..., se:cdpVersion: 112.0.5615.138, setWindowRect: true, strictFileInteractability: false, timeouts: {implicit: 0, pageLoad: 60000, script: 30000}, unhandledPromptBehavior: accept and notify, webauthn:extension:credBlob: true, webauthn:extension:largeBlob: true, webauthn:extension:minPinLength: true, webauthn:extension:prf: true, webauthn:virtualAuthenticators: true}
Session ID: 5a53d4f17c84fa558abb06a0b20a302e
 java.base/jdk.internal.reflect.NativeConstructorAccessorImpl.newInstance0(Native Method)
 java.base/jdk.internal.reflect.NativeConstructorAccessorImpl.newInstance(NativeConstructorAccessorImpl.java:77)
 java.base/jdk.internal.reflect.DelegatingConstructorAccessorImpl.newInstance(DelegatingConstructorAccessorImpl.java:45)
 java.base/java.lang.reflect.Constructor.newInstanceWithCaller(Constructor.java:499)
 java.base/java.lang.reflect.Constructor.newInstance(Constructor.java:480)
 org.openqa.selenium.remote.codec.w3c.W3CHttpResponseCodec.createException(W3CHttpResponseCodec.java:200)
 org.openqa.selenium.remote.codec.w3c.W3CHttpResponseCodec.decode(W3CHttpResponseCodec.java:133)
 org.openqa.selenium.remote.codec.w3c.W3CHttpResponseCodec.decode(W3CHttpResponseCodec.java:53)
 org.openqa.selenium.remote.HttpCommandExecutor.execute(HttpCommandExecutor.java:193)
 org.openqa.selenium.remote.service.DriverCommandExecutor.invokeExecute(DriverCommandExecutor.java:183)
 org.openqa.selenium.remote.service.DriverCommandExecutor.execute(DriverCommandExecutor.java:158)
 org.openqa.selenium.remote.RemoteWebDriver.execute(RemoteWebDriver.java:543)
 org.openqa.selenium.remote.RemoteWebDriver.execute(RemoteWebDriver.java:598)
 org.openqa.selenium.remote.RemoteWebDriver.execute(RemoteWebDriver.java:602)
 org.openqa.selenium.remote.RemoteWebDriver.getScreenshotAs(RemoteWebDriver.java:318)
 com.shaft.gui.internal.image.ScreenshotManager.takeViewportScreenshot(ScreenshotManager.java:235)
 com.shaft.gui.internal.image.ScreenshotManager.takeScreenshot(ScreenshotManager.java:440)
 com.shaft.gui.internal.image.ScreenshotManager.takeScreenshot(ScreenshotManager.java:436)
 com.shaft.gui.internal.image.ScreenshotManager.internalCaptureScreenShot(ScreenshotManager.java:378)
 com.shaft.gui.internal.image.ScreenshotManager.captureScreenShot(ScreenshotManager.java:123)
 com.shaft.validation.internal.ValidationsHelper.reportValidationState(ValidationsHelper.java:688)
 com.shaft.validation.internal.ValidationsHelper.fail(ValidationsHelper.java:450)
 com.shaft.validation.internal.ValidationsHelper.validateElementAttribute(ValidationsHelper.java:165)
 com.shaft.validation.internal.ValidationsExecutor.perform(ValidationsExecutor.java:149)
 GuiTests.BaTest.Validate_data_in_home_page(BaTest.java:42)
 java.base/jdk.internal.reflect.NativeMethodAccessorImpl.invoke0(Native Method)
 java.base/jdk.internal.reflect.NativeMethodAccessorImpl.invoke(NativeMethodAccessorImpl.java:77)
 java.base/jdk.internal.reflect.DelegatingMethodAccessorImpl.invoke(DelegatingMethodAccessorImpl.java:43)
 java.base/java.lang.reflect.Method.invoke(Method.java:568)
 org.testng.internal.invokers.MethodInvocationHelper.invokeMethod(MethodInvocationHelper.java:139)
 org.testng.internal.invokers.TestInvoker.invokeMethod(TestInvoker.java:677)
 org.testng.internal.invokers.TestInvoker.invokeTestMethod(TestInvoker.java:221)
 org.testng.internal.invokers.MethodRunner.runInSequence(MethodRunner.java:50)
 org.testng.internal.invokers.TestInvoker$MethodInvocationAgent.invoke(TestInvoker.java:969)
 org.testng.internal.invokers.TestInvoker.invokeTestMethods(TestInvoker.java:194)
 org.testng.internal.invokers.TestMethodWorker.invokeTestMethods(TestMethodWorker.java:148)
 org.testng.internal.invokers.TestMethodWorker.run(TestMethodWorker.java:128)
 java.base/java.util.ArrayList.forEach(ArrayList.java:1511)
 org.testng.TestRunner.privateRun(TestRunner.java:829)
 org.testng.TestRunner.run(TestRunner.java:602)
 org.testng.SuiteRunner.runTest(SuiteRunner.java:437)
 org.testng.SuiteRunner.runSequentially(SuiteRunner.java:431)
 org.testng.SuiteRunner.privateRun(SuiteRunner.java:391)
 org.testng.SuiteRunner.run(SuiteRunner.java:330)
 org.testng.SuiteRunnerWorker.runSuite(SuiteRunnerWorker.java:52)
 org.testng.SuiteRunnerWorker.run(SuiteRunnerWorker.java:95)
 org.testng.TestNG.runSuitesSequentially(TestNG.java:1256)
 org.testng.TestNG.runSuitesLocally(TestNG.java:1176)
 org.testng.TestNG.runSuites(TestNG.java:1099)
 org.testng.TestNG.run(TestNG.java:1067)
 org.apache.maven.surefire.testng.TestNGExecutor.run(TestNGExecutor.java:155)
 org.apache.maven.surefire.testng.TestNGDirectoryTestSuite.executeMulti(TestNGDirectoryTestSuite.java:169)
 org.apache.maven.surefire.testng.TestNGDirectoryTestSuite.execute(TestNGDirectoryTestSuite.java:88)
 org.apache.maven.surefire.testng.TestNGProvider.invoke(TestNGProvider.java:137)
 org.apache.maven.surefire.booter.ForkedBooter.runSuitesInProcess(ForkedBooter.java:385)
 org.apache.maven.surefire.booter.ForkedBooter.execute(ForkedBooter.java:162)
 org.apache.maven.surefire.booter.ForkedBooter.run(ForkedBooter.java:507)
 org.apache.maven.surefire.booter.ForkedBooter.main(ForkedBooter.java:495) &amp#27;[m&amp#27;[90m| com.shaft.tools.io.ReportManager&amp#27;[m &amp#27;[90m- main&amp#27;[m &amp#27;[90m- 12:49:35 PM&amp#27;[m 
&amp#27;[38;2;0;96;168;1m[INFO]&amp#27;[m &amp#27;[mAssertion "ValidateElementAttribute" FAILED. Expected "Value Should be 'CLASSIC' for the 'text' attribute, element locator 'By.xpath: /html/body/div[1]/div[3]/div/div/div/div[1]/div[2]/h4'" and Actual "Failed to read the desired element attribute". Comparison Type "CONTAINS". Validation Type "POSITIVE". &amp#27;[m&amp#27;[90m| com.shaft.tools.io.ReportManager&amp#27;[m &amp#27;[90m- main&amp#27;[m &amp#27;[90m- 12:49:35 PM&amp#27;[m 
&amp#27;[38;2;0;96;168;1m[INFO]&amp#27;[m &amp#27;[mSuccessfully created attachment 'Validation Test Data - Failure Reason' &amp#27;[m&amp#27;[90m| com.shaft.tools.io.ReportManager&amp#27;[m &amp#27;[90m- main&amp#27;[m &amp#27;[90m- 12:49:35 PM&amp#27;[m 
&amp#27;[38;2;0;96;168;1m[INFO]&amp#27;[m &amp#27;[mSuccessfully created attachment 'Validations helper - Get  stack  trace - Exception Stacktrace' &amp#27;[m&amp#27;[90m| com.shaft.tools.io.ReportManager&amp#27;[m &amp#27;[90m- main&amp#27;[m &amp#27;[90m- 12:49:35 PM&amp#27;[m 
&amp#27;[38;2;0;96;168;1m[INFO]&amp#27;[m &amp#27;[mSuccessfully created attachment 'SHAFT Engine Logs - Current Method log: beforeMethod' &amp#27;[m&amp#27;[90m| com.shaft.tools.io.ReportManager&amp#27;[m &amp#27;[90m- main&amp#27;[m &amp#27;[90m- 12:49:35 PM&amp#27;[m 
&amp#27;[38;2;0;96;168;1m[INFO]&amp#27;[m &amp#27;[mSuccessfully created attachment 'SHAFT Engine Logs - Current Method log: Validate_data_in_home_page' &amp#27;[m&amp#27;[90m| com.shaft.tools.io.ReportManager&amp#27;[m &amp#27;[90m- main&amp#27;[m &amp#27;[90m- 12:49:35 PM&amp#27;[m 
]]></system-out>
  </testcase>
  <testcase name="AfterMethod" classname="GuiTests.BaTest" time="16.642">
    <failure type="java.lang.StackOverflowError"><![CDATA[java.lang.StackOverflowError
	at java.base/java.util.Formatter.parse(Formatter.java:2737)
	at java.base/java.util.Formatter.format(Formatter.java:2671)
	at java.base/java.util.Formatter.format(Formatter.java:2625)
	at java.base/java.lang.String.format(String.java:4141)
	at org.openqa.selenium.SharedCapabilitiesMethods.lambda$abbreviate$6(SharedCapabilitiesMethods.java:107)
	at java.base/java.util.stream.ReferencePipeline$3$1.accept(ReferencePipeline.java:197)
	at java.base/java.util.stream.SortedOps$SizedRefSortingSink.end(SortedOps.java:357)
	at java.base/java.util.stream.AbstractPipeline.copyInto(AbstractPipeline.java:510)
	at java.base/java.util.stream.AbstractPipeline.wrapAndCopyInto(AbstractPipeline.java:499)
	at java.base/java.util.stream.ReduceOps$ReduceOp.evaluateSequential(ReduceOps.java:921)
	at java.base/java.util.stream.AbstractPipeline.evaluate(AbstractPipeline.java:234)
	at java.base/java.util.stream.ReferencePipeline.collect(ReferencePipeline.java:682)
	at org.openqa.selenium.SharedCapabilitiesMethods.abbreviate(SharedCapabilitiesMethods.java:108)
	at org.openqa.selenium.SharedCapabilitiesMethods.lambda$abbreviate$6(SharedCapabilitiesMethods.java:107)
	at java.base/java.util.stream.ReferencePipeline$3$1.accept(ReferencePipeline.java:197)
	at java.base/java.util.stream.SortedOps$SizedRefSortingSink.end(SortedOps.java:357)
	at java.base/java.util.stream.AbstractPipeline.copyInto(AbstractPipeline.java:510)
	at java.base/java.util.stream.AbstractPipeline.wrapAndCopyInto(AbstractPipeline.java:499)
	at java.base/java.util.stream.ReduceOps$ReduceOp.evaluateSequential(ReduceOps.java:921)
	at java.base/java.util.stream.AbstractPipeline.evaluate(AbstractPipeline.java:234)
	at java.base/java.util.stream.ReferencePipeline.collect(ReferencePipeline.java:682)
	at org.openqa.selenium.SharedCapabilitiesMethods.abbreviate(SharedCapabilitiesMethods.java:108)
	at org.openqa.selenium.SharedCapabilitiesMethods.toString(SharedCapabilitiesMethods.java:78)
	at org.openqa.selenium.ImmutableCapabilities.toString(ImmutableCapabilities.java:195)
	at org.openqa.selenium.remote.RemoteWebDriver.populateWebDriverException(RemoteWebDriver.java:593)
	at org.openqa.selenium.remote.RemoteWebDriver.execute(RemoteWebDriver.java:570)
	at org.openqa.selenium.remote.RemoteWebDriver.execute(RemoteWebDriver.java:598)
	at org.openqa.selenium.remote.RemoteExecuteMethod.execute(RemoteExecuteMethod.java:40)
	at org.openqa.selenium.chromium.AddHasCdp$1.executeCdpCommand(AddHasCdp.java:58)
	at org.openqa.selenium.chromium.ChromiumDriver.executeCdpCommand(ChromiumDriver.java:212)
	at com.shaft.gui.browser.internal.BrowserActionsHelpers.capturePageSnapshot(BrowserActionsHelpers.java:255)
	at com.shaft.gui.browser.internal.BrowserActionsHelpers.capturePageSnapshot(BrowserActionsHelpers.java:268)
	at com.shaft.gui.browser.internal.BrowserActionsHelpers.capturePageSnapshot(BrowserActionsHelpers.java:268)
	at com.shaft.gui.browser.internal.BrowserActionsHelpers.capturePageSnapshot(BrowserActionsHelpers.java:268)
	at com.shaft.gui.browser.internal.BrowserActionsHelpers.capturePageSnapshot(BrowserActionsHelpers.java:268)
	at com.shaft.gui.browser.internal.BrowserActionsHelpers.capturePageSnapshot(BrowserActionsHelpers.java:268)
	at com.shaft.gui.browser.internal.BrowserActionsHelpers.capturePageSnapshot(BrowserActionsHelpers.java:268)
	at com.shaft.gui.browser.internal.BrowserActionsHelpers.capturePageSnapshot(BrowserActionsHelpers.java:268)
	at com.shaft.gui.browser.internal.BrowserActionsHelpers.capturePageSnapshot(BrowserActionsHelpers.java:268)
	at com.shaft.gui.browser.internal.BrowserActionsHelpers.capturePageSnapshot(BrowserActionsHelpers.java:268)
	at com.shaft.gui.browser.internal.BrowserActionsHelpers.capturePageSnapshot(BrowserActionsHelpers.java:268)
	at com.shaft.gui.browser.internal.BrowserActionsHelpers.capturePageSnapshot(BrowserActionsHelpers.java:268)
	at com.shaft.gui.browser.internal.BrowserActionsHelpers.capturePageSnapshot(BrowserActionsHelpers.java:268)
	at com.shaft.gui.browser.internal.BrowserActionsHelpers.capturePageSnapshot(BrowserActionsHelpers.java:268)
	at com.shaft.gui.browser.internal.BrowserActionsHelpers.capturePageSnapshot(BrowserActionsHelpers.java:268)
	at com.shaft.gui.browser.internal.BrowserActionsHelpers.capturePageSnapshot(BrowserActionsHelpers.java:268)
	at com.shaft.gui.browser.internal.BrowserActionsHelpers.capturePageSnapshot(BrowserActionsHelpers.java:268)
	at com.shaft.gui.browser.internal.BrowserActionsHelpers.capturePageSnapshot(BrowserActionsHelpers.java:268)
	at com.shaft.gui.browser.internal.BrowserActionsHelpers.capturePageSnapshot(BrowserActionsHelpers.java:268)
	at com.shaft.gui.browser.internal.BrowserActionsHelpers.capturePageSnapshot(BrowserActionsHelpers.java:268)
	at com.shaft.gui.browser.internal.BrowserActionsHelpers.capturePageSnapshot(BrowserActionsHelpers.java:268)
	at com.shaft.gui.browser.internal.BrowserActionsHelpers.capturePageSnapshot(BrowserActionsHelpers.java:268)
	at com.shaft.gui.browser.internal.BrowserActionsHelpers.capturePageSnapshot(BrowserActionsHelpers.java:268)
	at com.shaft.gui.browser.internal.BrowserActionsHelpers.capturePageSnapshot(BrowserActionsHelpers.java:268)
	at com.shaft.gui.browser.internal.BrowserActionsHelpers.capturePageSnapshot(BrowserActionsHelpers.java:268)
	at com.shaft.gui.browser.internal.BrowserActionsHelpers.capturePageSnapshot(BrowserActionsHelpers.java:268)
	at com.shaft.gui.browser.internal.BrowserActionsHelpers.capturePageSnapshot(BrowserActionsHelpers.java:268)
	at com.shaft.gui.browser.internal.BrowserActionsHelpers.capturePageSnapshot(BrowserActionsHelpers.java:268)
	at com.shaft.gui.browser.internal.BrowserActionsHelpers.capturePageSnapshot(BrowserActionsHelpers.java:268)
	at com.shaft.gui.browser.internal.BrowserActionsHelpers.capturePageSnapshot(BrowserActionsHelpers.java:268)
	at com.shaft.gui.browser.internal.BrowserActionsHelpers.capturePageSnapshot(BrowserActionsHelpers.java:268)
	at com.shaft.gui.browser.internal.BrowserActionsHelpers.capturePageSnapshot(BrowserActionsHelpers.java:268)
	at com.shaft.gui.browser.internal.BrowserActionsHelpers.capturePageSnapshot(BrowserActionsHelpers.java:268)
	at com.shaft.gui.browser.internal.BrowserActionsHelpers.capturePageSnapshot(BrowserActionsHelpers.java:268)
	at com.shaft.gui.browser.internal.BrowserActionsHelpers.capturePageSnapshot(BrowserActionsHelpers.java:268)
	at com.shaft.gui.browser.internal.BrowserActionsHelpers.capturePageSnapshot(BrowserActionsHelpers.java:268)
	at com.shaft.gui.browser.internal.BrowserActionsHelpers.capturePageSnapshot(BrowserActionsHelpers.java:268)
	at com.shaft.gui.browser.internal.BrowserActionsHelpers.capturePageSnapshot(BrowserActionsHelpers.java:268)
	at com.shaft.gui.browser.internal.BrowserActionsHelpers.capturePageSnapshot(BrowserActionsHelpers.java:268)
	at com.shaft.gui.browser.internal.BrowserActionsHelpers.capturePageSnapshot(BrowserActionsHelpers.java:268)
	at com.shaft.gui.browser.internal.BrowserActionsHelpers.capturePageSnapshot(BrowserActionsHelpers.java:268)
	at com.shaft.gui.browser.internal.BrowserActionsHelpers.capturePageSnapshot(BrowserActionsHelpers.java:268)
	at com.shaft.gui.browser.internal.BrowserActionsHelpers.capturePageSnapshot(BrowserActionsHelpers.java:268)
	at com.shaft.gui.browser.internal.BrowserActionsHelpers.capturePageSnapshot(BrowserActionsHelpers.java:268)
	at com.shaft.gui.browser.internal.BrowserActionsHelpers.capturePageSnapshot(BrowserActionsHelpers.java:268)
	at com.shaft.gui.browser.internal.BrowserActionsHelpers.capturePageSnapshot(BrowserActionsHelpers.java:268)
	at com.shaft.gui.browser.internal.BrowserActionsHelpers.capturePageSnapshot(BrowserActionsHelpers.java:268)
	at com.shaft.gui.browser.internal.BrowserActionsHelpers.capturePageSnapshot(BrowserActionsHelpers.java:268)
	at com.shaft.gui.browser.internal.BrowserActionsHelpers.capturePageSnapshot(BrowserActionsHelpers.java:268)
	at com.shaft.gui.browser.internal.BrowserActionsHelpers.capturePageSnapshot(BrowserActionsHelpers.java:268)
	at com.shaft.gui.browser.internal.BrowserActionsHelpers.capturePageSnapshot(BrowserActionsHelpers.java:268)
	at com.shaft.gui.browser.internal.BrowserActionsHelpers.capturePageSnapshot(BrowserActionsHelpers.java:268)
	at com.shaft.gui.browser.internal.BrowserActionsHelpers.capturePageSnapshot(BrowserActionsHelpers.java:268)
	at com.shaft.gui.browser.internal.BrowserActionsHelpers.capturePageSnapshot(BrowserActionsHelpers.java:268)
	at com.shaft.gui.browser.internal.BrowserActionsHelpers.capturePageSnapshot(BrowserActionsHelpers.java:268)
	at com.shaft.gui.browser.internal.BrowserActionsHelpers.capturePageSnapshot(BrowserActionsHelpers.java:268)
	at com.shaft.gui.browser.internal.BrowserActionsHelpers.capturePageSnapshot(BrowserActionsHelpers.java:268)
	at com.shaft.gui.browser.internal.BrowserActionsHelpers.capturePageSnapshot(BrowserActionsHelpers.java:268)
	at com.shaft.gui.browser.internal.BrowserActionsHelpers.capturePageSnapshot(BrowserActionsHelpers.java:268)
	at com.shaft.gui.browser.internal.BrowserActionsHelpers.capturePageSnapshot(BrowserActionsHelpers.java:268)
	at com.shaft.gui.browser.internal.BrowserActionsHelpers.capturePageSnapshot(BrowserActionsHelpers.java:268)
	at com.shaft.gui.browser.internal.BrowserActionsHelpers.capturePageSnapshot(BrowserActionsHelpers.java:268)
	at com.shaft.gui.browser.internal.BrowserActionsHelpers.capturePageSnapshot(BrowserActionsHelpers.java:268)
	at com.shaft.gui.browser.internal.BrowserActionsHelpers.capturePageSnapshot(BrowserActionsHelpers.java:268)
	at com.shaft.gui.browser.internal.BrowserActionsHelpers.capturePageSnapshot(BrowserActionsHelpers.java:268)
	at com.shaft.gui.browser.internal.BrowserActionsHelpers.capturePageSnapshot(BrowserActionsHelpers.java:268)
	at com.shaft.gui.browser.internal.BrowserActionsHelpers.capturePageSnapshot(BrowserActionsHelpers.java:268)
	at com.shaft.gui.browser.internal.BrowserActionsHelpers.capturePageSnapshot(BrowserActionsHelpers.java:268)
	at com.shaft.gui.browser.internal.BrowserActionsHelpers.capturePageSnapshot(BrowserActionsHelpers.java:268)
	at com.shaft.gui.browser.internal.BrowserActionsHelpers.capturePageSnapshot(BrowserActionsHelpers.java:268)
	at com.shaft.gui.browser.internal.BrowserActionsHelpers.capturePageSnapshot(BrowserActionsHelpers.java:268)
	at com.shaft.gui.browser.internal.BrowserActionsHelpers.capturePageSnapshot(BrowserActionsHelpers.java:268)
	at com.shaft.gui.browser.internal.BrowserActionsHelpers.capturePageSnapshot(BrowserActionsHelpers.java:268)
	at com.shaft.gui.browser.internal.BrowserActionsHelpers.capturePageSnapshot(BrowserActionsHelpers.java:268)
	at com.shaft.gui.browser.internal.BrowserActionsHelpers.capturePageSnapshot(BrowserActionsHelpers.java:268)
	at com.shaft.gui.browser.internal.BrowserActionsHelpers.capturePageSnapshot(BrowserActionsHelpers.java:268)
	at com.shaft.gui.browser.internal.BrowserActionsHelpers.capturePageSnapshot(BrowserActionsHelpers.java:268)
	at com.shaft.gui.browser.internal.BrowserActionsHelpers.capturePageSnapshot(BrowserActionsHelpers.java:268)
	at com.shaft.gui.browser.internal.BrowserActionsHelpers.capturePageSnapshot(BrowserActionsHelpers.java:268)
	at com.shaft.gui.browser.internal.BrowserActionsHelpers.capturePageSnapshot(BrowserActionsHelpers.java:268)
	at com.shaft.gui.browser.internal.BrowserActionsHelpers.capturePageSnapshot(BrowserActionsHelpers.java:268)
	at com.shaft.gui.browser.internal.BrowserActionsHelpers.capturePageSnapshot(BrowserActionsHelpers.java:268)
	at com.shaft.gui.browser.internal.BrowserActionsHelpers.capturePageSnapshot(BrowserActionsHelpers.java:268)
	at com.shaft.gui.browser.internal.BrowserActionsHelpers.capturePageSnapshot(BrowserActionsHelpers.java:268)
	at com.shaft.gui.browser.internal.BrowserActionsHelpers.capturePageSnapshot(BrowserActionsHelpers.java:268)
	at com.shaft.gui.browser.internal.BrowserActionsHelpers.capturePageSnapshot(BrowserActionsHelpers.java:268)
	at com.shaft.gui.browser.internal.BrowserActionsHelpers.capturePageSnapshot(BrowserActionsHelpers.java:268)
	at com.shaft.gui.browser.internal.BrowserActionsHelpers.capturePageSnapshot(BrowserActionsHelpers.java:268)
	at com.shaft.gui.browser.internal.BrowserActionsHelpers.capturePageSnapshot(BrowserActionsHelpers.java:268)
	at com.shaft.gui.browser.internal.BrowserActionsHelpers.capturePageSnapshot(BrowserActionsHelpers.java:268)
	at com.shaft.gui.browser.internal.BrowserActionsHelpers.capturePageSnapshot(BrowserActionsHelpers.java:268)
	at com.shaft.gui.browser.internal.BrowserActionsHelpers.capturePageSnapshot(BrowserActionsHelpers.java:268)
	at com.shaft.gui.browser.internal.BrowserActionsHelpers.capturePageSnapshot(BrowserActionsHelpers.java:268)
	at com.shaft.gui.browser.internal.BrowserActionsHelpers.capturePageSnapshot(BrowserActionsHelpers.java:268)
	at com.shaft.gui.browser.internal.BrowserActionsHelpers.capturePageSnapshot(BrowserActionsHelpers.java:268)
	at com.shaft.gui.browser.internal.BrowserActionsHelpers.capturePageSnapshot(BrowserActionsHelpers.java:268)
	at com.shaft.gui.browser.internal.BrowserActionsHelpers.capturePageSnapshot(BrowserActionsHelpers.java:268)
	at com.shaft.gui.browser.internal.BrowserActionsHelpers.capturePageSnapshot(BrowserActionsHelpers.java:268)
	at com.shaft.gui.browser.internal.BrowserActionsHelpers.capturePageSnapshot(BrowserActionsHelpers.java:268)
	at com.shaft.gui.browser.internal.BrowserActionsHelpers.capturePageSnapshot(BrowserActionsHelpers.java:268)
	at com.shaft.gui.browser.internal.BrowserActionsHelpers.capturePageSnapshot(BrowserActionsHelpers.java:268)
	at com.shaft.gui.browser.internal.BrowserActionsHelpers.capturePageSnapshot(BrowserActionsHelpers.java:268)
	at com.shaft.gui.browser.internal.BrowserActionsHelpers.capturePageSnapshot(BrowserActionsHelpers.java:268)
	at com.shaft.gui.browser.internal.BrowserActionsHelpers.capturePageSnapshot(BrowserActionsHelpers.java:268)
	at com.shaft.gui.browser.internal.BrowserActionsHelpers.capturePageSnapshot(BrowserActionsHelpers.java:268)
	at com.shaft.gui.browser.internal.BrowserActionsHelpers.capturePageSnapshot(BrowserActionsHelpers.java:268)
	at com.shaft.gui.browser.internal.BrowserActionsHelpers.capturePageSnapshot(BrowserActionsHelpers.java:268)
	at com.shaft.gui.browser.internal.BrowserActionsHelpers.capturePageSnapshot(BrowserActionsHelpers.java:268)
	at com.shaft.gui.browser.internal.BrowserActionsHelpers.capturePageSnapshot(BrowserActionsHelpers.java:268)
	at com.shaft.gui.browser.internal.BrowserActionsHelpers.capturePageSnapshot(BrowserActionsHelpers.java:268)
	at com.shaft.gui.browser.internal.BrowserActionsHelpers.capturePageSnapshot(BrowserActionsHelpers.java:268)
	at com.shaft.gui.browser.internal.BrowserActionsHelpers.capturePageSnapshot(BrowserActionsHelpers.java:268)
	at com.shaft.gui.browser.internal.BrowserActionsHelpers.capturePageSnapshot(BrowserActionsHelpers.java:268)
	at com.shaft.gui.browser.internal.BrowserActionsHelpers.capturePageSnapshot(BrowserActionsHelpers.java:268)
	at com.shaft.gui.browser.internal.BrowserActionsHelpers.capturePageSnapshot(BrowserActionsHelpers.java:268)
	at com.shaft.gui.browser.internal.BrowserActionsHelpers.capturePageSnapshot(BrowserActionsHelpers.java:268)
	at com.shaft.gui.browser.internal.BrowserActionsHelpers.capturePageSnapshot(BrowserActionsHelpers.java:268)
	at com.shaft.gui.browser.internal.BrowserActionsHelpers.capturePageSnapshot(BrowserActionsHelpers.java:268)
	at com.shaft.gui.browser.internal.BrowserActionsHelpers.capturePageSnapshot(BrowserActionsHelpers.java:268)
	at com.shaft.gui.browser.internal.BrowserActionsHelpers.capturePageSnapshot(BrowserActionsHelpers.java:268)
	at com.shaft.gui.browser.internal.BrowserActionsHelpers.capturePageSnapshot(BrowserActionsHelpers.java:268)
	at com.shaft.gui.browser.internal.BrowserActionsHelpers.capturePageSnapshot(BrowserActionsHelpers.java:268)
	at com.shaft.gui.browser.internal.BrowserActionsHelpers.capturePageSnapshot(BrowserActionsHelpers.java:268)
	at com.shaft.gui.browser.internal.BrowserActionsHelpers.capturePageSnapshot(BrowserActionsHelpers.java:268)
	at com.shaft.gui.browser.internal.BrowserActionsHelpers.capturePageSnapshot(BrowserActionsHelpers.java:268)
	at com.shaft.gui.browser.internal.BrowserActionsHelpers.capturePageSnapshot(BrowserActionsHelpers.java:268)
	at com.shaft.gui.browser.internal.BrowserActionsHelpers.capturePageSnapshot(BrowserActionsHelpers.java:268)
	at com.shaft.gui.browser.internal.BrowserActionsHelpers.capturePageSnapshot(BrowserActionsHelpers.java:268)
	at com.shaft.gui.browser.internal.BrowserActionsHelpers.capturePageSnapshot(BrowserActionsHelpers.java:268)
	at com.shaft.gui.browser.internal.BrowserActionsHelpers.capturePageSnapshot(BrowserActionsHelpers.java:268)
	at com.shaft.gui.browser.internal.BrowserActionsHelpers.capturePageSnapshot(BrowserActionsHelpers.java:268)
	at com.shaft.gui.browser.internal.BrowserActionsHelpers.capturePageSnapshot(BrowserActionsHelpers.java:268)
	at com.shaft.gui.browser.internal.BrowserActionsHelpers.capturePageSnapshot(BrowserActionsHelpers.java:268)
	at com.shaft.gui.browser.internal.BrowserActionsHelpers.capturePageSnapshot(BrowserActionsHelpers.java:268)
	at com.shaft.gui.browser.internal.BrowserActionsHelpers.capturePageSnapshot(BrowserActionsHelpers.java:268)
	at com.shaft.gui.browser.internal.BrowserActionsHelpers.capturePageSnapshot(BrowserActionsHelpers.java:268)
	at com.shaft.gui.browser.internal.BrowserActionsHelpers.capturePageSnapshot(BrowserActionsHelpers.java:268)
	at com.shaft.gui.browser.internal.BrowserActionsHelpers.capturePageSnapshot(BrowserActionsHelpers.java:268)
	at com.shaft.gui.browser.internal.BrowserActionsHelpers.capturePageSnapshot(BrowserActionsHelpers.java:268)
	at com.shaft.gui.browser.internal.BrowserActionsHelpers.capturePageSnapshot(BrowserActionsHelpers.java:268)
	at com.shaft.gui.browser.internal.BrowserActionsHelpers.capturePageSnapshot(BrowserActionsHelpers.java:268)
	at com.shaft.gui.browser.internal.BrowserActionsHelpers.capturePageSnapshot(BrowserActionsHelpers.java:268)
	at com.shaft.gui.browser.internal.BrowserActionsHelpers.capturePageSnapshot(BrowserActionsHelpers.java:268)
	at com.shaft.gui.browser.internal.BrowserActionsHelpers.capturePageSnapshot(BrowserActionsHelpers.java:268)
	at com.shaft.gui.browser.internal.BrowserActionsHelpers.capturePageSnapshot(BrowserActionsHelpers.java:268)
	at com.shaft.gui.browser.internal.BrowserActionsHelpers.capturePageSnapshot(BrowserActionsHelpers.java:268)
	at com.shaft.gui.browser.internal.BrowserActionsHelpers.capturePageSnapshot(BrowserActionsHelpers.java:268)
	at com.shaft.gui.browser.internal.BrowserActionsHelpers.capturePageSnapshot(BrowserActionsHelpers.java:268)
	at com.shaft.gui.browser.internal.BrowserActionsHelpers.capturePageSnapshot(BrowserActionsHelpers.java:268)
	at com.shaft.gui.browser.internal.BrowserActionsHelpers.capturePageSnapshot(BrowserActionsHelpers.java:268)
	at com.shaft.gui.browser.internal.BrowserActionsHelpers.capturePageSnapshot(BrowserActionsHelpers.java:268)
	at com.shaft.gui.browser.internal.BrowserActionsHelpers.capturePageSnapshot(BrowserActionsHelpers.java:268)
	at com.shaft.gui.browser.internal.BrowserActionsHelpers.capturePageSnapshot(BrowserActionsHelpers.java:268)
	at com.shaft.gui.browser.internal.BrowserActionsHelpers.capturePageSnapshot(BrowserActionsHelpers.java:268)
	at com.shaft.gui.browser.internal.BrowserActionsHelpers.capturePageSnapshot(BrowserActionsHelpers.java:268)
	at com.shaft.gui.browser.internal.BrowserActionsHelpers.capturePageSnapshot(BrowserActionsHelpers.java:268)
	at com.shaft.gui.browser.internal.BrowserActionsHelpers.capturePageSnapshot(BrowserActionsHelpers.java:268)
	at com.shaft.gui.browser.internal.BrowserActionsHelpers.capturePageSnapshot(BrowserActionsHelpers.java:268)
	at com.shaft.gui.browser.internal.BrowserActionsHelpers.capturePageSnapshot(BrowserActionsHelpers.java:268)
	at com.shaft.gui.browser.internal.BrowserActionsHelpers.capturePageSnapshot(BrowserActionsHelpers.java:268)
	at com.shaft.gui.browser.internal.BrowserActionsHelpers.capturePageSnapshot(BrowserActionsHelpers.java:268)
	at com.shaft.gui.browser.internal.BrowserActionsHelpers.capturePageSnapshot(BrowserActionsHelpers.java:268)
	at com.shaft.gui.browser.internal.BrowserActionsHelpers.capturePageSnapshot(BrowserActionsHelpers.java:268)
	at com.shaft.gui.browser.internal.BrowserActionsHelpers.capturePageSnapshot(BrowserActionsHelpers.java:268)
	at com.shaft.gui.browser.internal.BrowserActionsHelpers.capturePageSnapshot(BrowserActionsHelpers.java:268)
	at com.shaft.gui.browser.internal.BrowserActionsHelpers.capturePageSnapshot(BrowserActionsHelpers.java:268)
	at com.shaft.gui.browser.internal.BrowserActionsHelpers.capturePageSnapshot(BrowserActionsHelpers.java:268)
	at com.shaft.gui.browser.internal.BrowserActionsHelpers.capturePageSnapshot(BrowserActionsHelpers.java:268)
	at com.shaft.gui.browser.internal.BrowserActionsHelpers.capturePageSnapshot(BrowserActionsHelpers.java:268)
	at com.shaft.gui.browser.internal.BrowserActionsHelpers.capturePageSnapshot(BrowserActionsHelpers.java:268)
	at com.shaft.gui.browser.internal.BrowserActionsHelpers.capturePageSnapshot(BrowserActionsHelpers.java:268)
	at com.shaft.gui.browser.internal.BrowserActionsHelpers.capturePageSnapshot(BrowserActionsHelpers.java:268)
	at com.shaft.gui.browser.internal.BrowserActionsHelpers.capturePageSnapshot(BrowserActionsHelpers.java:268)
	at com.shaft.gui.browser.internal.BrowserActionsHelpers.capturePageSnapshot(BrowserActionsHelpers.java:268)
	at com.shaft.gui.browser.internal.BrowserActionsHelpers.capturePageSnapshot(BrowserActionsHelpers.java:268)
	at com.shaft.gui.browser.internal.BrowserActionsHelpers.capturePageSnapshot(BrowserActionsHelpers.java:268)
	at com.shaft.gui.browser.internal.BrowserActionsHelpers.capturePageSnapshot(BrowserActionsHelpers.java:268)
	at com.shaft.gui.browser.internal.BrowserActionsHelpers.capturePageSnapshot(BrowserActionsHelpers.java:268)
	at com.shaft.gui.browser.internal.BrowserActionsHelpers.capturePageSnapshot(BrowserActionsHelpers.java:268)
	at com.shaft.gui.browser.internal.BrowserActionsHelpers.capturePageSnapshot(BrowserActionsHelpers.java:268)
	at com.shaft.gui.browser.internal.BrowserActionsHelpers.capturePageSnapshot(BrowserActionsHelpers.java:268)
	at com.shaft.gui.browser.internal.BrowserActionsHelpers.capturePageSnapshot(BrowserActionsHelpers.java:268)
	at com.shaft.gui.browser.internal.BrowserActionsHelpers.capturePageSnapshot(BrowserActionsHelpers.java:268)
	at com.shaft.gui.browser.internal.BrowserActionsHelpers.capturePageSnapshot(BrowserActionsHelpers.java:268)
	at com.shaft.gui.browser.internal.BrowserActionsHelpers.capturePageSnapshot(BrowserActionsHelpers.java:268)
	at com.shaft.gui.browser.internal.BrowserActionsHelpers.capturePageSnapshot(BrowserActionsHelpers.java:268)
	at com.shaft.gui.browser.internal.BrowserActionsHelpers.capturePageSnapshot(BrowserActionsHelpers.java:268)
	at com.shaft.gui.browser.internal.BrowserActionsHelpers.capturePageSnapshot(BrowserActionsHelpers.java:268)
	at com.shaft.gui.browser.internal.BrowserActionsHelpers.capturePageSnapshot(BrowserActionsHelpers.java:268)
	at com.shaft.gui.browser.internal.BrowserActionsHelpers.capturePageSnapshot(BrowserActionsHelpers.java:268)
	at com.shaft.gui.browser.internal.BrowserActionsHelpers.capturePageSnapshot(BrowserActionsHelpers.java:268)
	at com.shaft.gui.browser.internal.BrowserActionsHelpers.capturePageSnapshot(BrowserActionsHelpers.java:268)
	at com.shaft.gui.browser.internal.BrowserActionsHelpers.capturePageSnapshot(BrowserActionsHelpers.java:268)
	at com.shaft.gui.browser.internal.BrowserActionsHelpers.capturePageSnapshot(BrowserActionsHelpers.java:268)
	at com.shaft.gui.browser.internal.BrowserActionsHelpers.capturePageSnapshot(BrowserActionsHelpers.java:268)
	at com.shaft.gui.browser.internal.BrowserActionsHelpers.capturePageSnapshot(BrowserActionsHelpers.java:268)
	at com.shaft.gui.browser.internal.BrowserActionsHelpers.capturePageSnapshot(BrowserActionsHelpers.java:268)
	at com.shaft.gui.browser.internal.BrowserActionsHelpers.capturePageSnapshot(BrowserActionsHelpers.java:268)
	at com.shaft.gui.browser.internal.BrowserActionsHelpers.capturePageSnapshot(BrowserActionsHelpers.java:268)
	at com.shaft.gui.browser.internal.BrowserActionsHelpers.capturePageSnapshot(BrowserActionsHelpers.java:268)
	at com.shaft.gui.browser.internal.BrowserActionsHelpers.capturePageSnapshot(BrowserActionsHelpers.java:268)
	at com.shaft.gui.browser.internal.BrowserActionsHelpers.capturePageSnapshot(BrowserActionsHelpers.java:268)
	at com.shaft.gui.browser.internal.BrowserActionsHelpers.capturePageSnapshot(BrowserActionsHelpers.java:268)
	at com.shaft.gui.browser.internal.BrowserActionsHelpers.capturePageSnapshot(BrowserActionsHelpers.java:268)
	at com.shaft.gui.browser.internal.BrowserActionsHelpers.capturePageSnapshot(BrowserActionsHelpers.java:268)
	at com.shaft.gui.browser.internal.BrowserActionsHelpers.capturePageSnapshot(BrowserActionsHelpers.java:268)
	at com.shaft.gui.browser.internal.BrowserActionsHelpers.capturePageSnapshot(BrowserActionsHelpers.java:268)
	at com.shaft.gui.browser.internal.BrowserActionsHelpers.capturePageSnapshot(BrowserActionsHelpers.java:268)
	at com.shaft.gui.browser.internal.BrowserActionsHelpers.capturePageSnapshot(BrowserActionsHelpers.java:268)
	at com.shaft.gui.browser.internal.BrowserActionsHelpers.capturePageSnapshot(BrowserActionsHelpers.java:268)
	at com.shaft.gui.browser.internal.BrowserActionsHelpers.capturePageSnapshot(BrowserActionsHelpers.java:268)
	at com.shaft.gui.browser.internal.BrowserActionsHelpers.capturePageSnapshot(BrowserActionsHelpers.java:268)
	at com.shaft.gui.browser.internal.BrowserActionsHelpers.capturePageSnapshot(BrowserActionsHelpers.java:268)
	at com.shaft.gui.browser.internal.BrowserActionsHelpers.capturePageSnapshot(BrowserActionsHelpers.java:268)
	at com.shaft.gui.browser.internal.BrowserActionsHelpers.capturePageSnapshot(BrowserActionsHelpers.java:268)
	at com.shaft.gui.browser.internal.BrowserActionsHelpers.capturePageSnapshot(BrowserActionsHelpers.java:268)
	at com.shaft.gui.browser.internal.BrowserActionsHelpers.capturePageSnapshot(BrowserActionsHelpers.java:268)
	at com.shaft.gui.browser.internal.BrowserActionsHelpers.capturePageSnapshot(BrowserActionsHelpers.java:268)
	at com.shaft.gui.browser.internal.BrowserActionsHelpers.capturePageSnapshot(BrowserActionsHelpers.java:268)
	at com.shaft.gui.browser.internal.BrowserActionsHelpers.capturePageSnapshot(BrowserActionsHelpers.java:268)
	at com.shaft.gui.browser.internal.BrowserActionsHelpers.capturePageSnapshot(BrowserActionsHelpers.java:268)
	at com.shaft.gui.browser.internal.BrowserActionsHelpers.capturePageSnapshot(BrowserActionsHelpers.java:268)
	at com.shaft.gui.browser.internal.BrowserActionsHelpers.capturePageSnapshot(BrowserActionsHelpers.java:268)
	at com.shaft.gui.browser.internal.BrowserActionsHelpers.capturePageSnapshot(BrowserActionsHelpers.java:268)
	at com.shaft.gui.browser.internal.BrowserActionsHelpers.capturePageSnapshot(BrowserActionsHelpers.java:268)
	at com.shaft.gui.browser.internal.BrowserActionsHelpers.capturePageSnapshot(BrowserActionsHelpers.java:268)
	at com.shaft.gui.browser.internal.BrowserActionsHelpers.capturePageSnapshot(BrowserActionsHelpers.java:268)
	at com.shaft.gui.browser.internal.BrowserActionsHelpers.capturePageSnapshot(BrowserActionsHelpers.java:268)
	at com.shaft.gui.browser.internal.BrowserActionsHelpers.capturePageSnapshot(BrowserActionsHelpers.java:268)
	at com.shaft.gui.browser.internal.BrowserActionsHelpers.capturePageSnapshot(BrowserActionsHelpers.java:268)
	at com.shaft.gui.browser.internal.BrowserActionsHelpers.capturePageSnapshot(BrowserActionsHelpers.java:268)
	at com.shaft.gui.browser.internal.BrowserActionsHelpers.capturePageSnapshot(BrowserActionsHelpers.java:268)
	at com.shaft.gui.browser.internal.BrowserActionsHelpers.capturePageSnapshot(BrowserActionsHelpers.java:268)
	at com.shaft.gui.browser.internal.BrowserActionsHelpers.capturePageSnapshot(BrowserActionsHelpers.java:268)
	at com.shaft.gui.browser.internal.BrowserActionsHelpers.capturePageSnapshot(BrowserActionsHelpers.java:268)
	at com.shaft.gui.browser.internal.BrowserActionsHelpers.capturePageSnapshot(BrowserActionsHelpers.java:268)
	at com.shaft.gui.browser.internal.BrowserActionsHelpers.capturePageSnapshot(BrowserActionsHelpers.java:268)
	at com.shaft.gui.browser.internal.BrowserActionsHelpers.capturePageSnapshot(BrowserActionsHelpers.java:268)
	at com.shaft.gui.browser.internal.BrowserActionsHelpers.capturePageSnapshot(BrowserActionsHelpers.java:268)
	at com.shaft.gui.browser.internal.BrowserActionsHelpers.capturePageSnapshot(BrowserActionsHelpers.java:268)
	at com.shaft.gui.browser.internal.BrowserActionsHelpers.capturePageSnapshot(BrowserActionsHelpers.java:268)
	at com.shaft.gui.browser.internal.BrowserActionsHelpers.capturePageSnapshot(BrowserActionsHelpers.java:268)
	at com.shaft.gui.browser.internal.BrowserActionsHelpers.capturePageSnapshot(BrowserActionsHelpers.java:268)
	at com.shaft.gui.browser.internal.BrowserActionsHelpers.capturePageSnapshot(BrowserActionsHelpers.java:268)
	at com.shaft.gui.browser.internal.BrowserActionsHelpers.capturePageSnapshot(BrowserActionsHelpers.java:268)
	at com.shaft.gui.browser.internal.BrowserActionsHelpers.capturePageSnapshot(BrowserActionsHelpers.java:268)
	at com.shaft.gui.browser.internal.BrowserActionsHelpers.capturePageSnapshot(BrowserActionsHelpers.java:268)
	at com.shaft.gui.browser.internal.BrowserActionsHelpers.capturePageSnapshot(BrowserActionsHelpers.java:268)
	at com.shaft.gui.browser.internal.BrowserActionsHelpers.capturePageSnapshot(BrowserActionsHelpers.java:268)
	at com.shaft.gui.browser.internal.BrowserActionsHelpers.capturePageSnapshot(BrowserActionsHelpers.java:268)
	at com.shaft.gui.browser.internal.BrowserActionsHelpers.capturePageSnapshot(BrowserActionsHelpers.java:268)
	at com.shaft.gui.browser.internal.BrowserActionsHelpers.capturePageSnapshot(BrowserActionsHelpers.java:268)
	at com.shaft.gui.browser.internal.BrowserActionsHelpers.capturePageSnapshot(BrowserActionsHelpers.java:268)
	at com.shaft.gui.browser.internal.BrowserActionsHelpers.capturePageSnapshot(BrowserActionsHelpers.java:268)
	at com.shaft.gui.browser.internal.BrowserActionsHelpers.capturePageSnapshot(BrowserActionsHelpers.java:268)
	at com.shaft.gui.browser.internal.BrowserActionsHelpers.capturePageSnapshot(BrowserActionsHelpers.java:268)
	at com.shaft.gui.browser.internal.BrowserActionsHelpers.capturePageSnapshot(BrowserActionsHelpers.java:268)
	at com.shaft.gui.browser.internal.BrowserActionsHelpers.capturePageSnapshot(BrowserActionsHelpers.java:268)
	at com.shaft.gui.browser.internal.BrowserActionsHelpers.capturePageSnapshot(BrowserActionsHelpers.java:268)
	at com.shaft.gui.browser.internal.BrowserActionsHelpers.capturePageSnapshot(BrowserActionsHelpers.java:268)
	at com.shaft.gui.browser.internal.BrowserActionsHelpers.capturePageSnapshot(BrowserActionsHelpers.java:268)
	at com.shaft.gui.browser.internal.BrowserActionsHelpers.capturePageSnapshot(BrowserActionsHelpers.java:268)
	at com.shaft.gui.browser.internal.BrowserActionsHelpers.capturePageSnapshot(BrowserActionsHelpers.java:268)
	at com.shaft.gui.browser.internal.BrowserActionsHelpers.capturePageSnapshot(BrowserActionsHelpers.java:268)
	at com.shaft.gui.browser.internal.BrowserActionsHelpers.capturePageSnapshot(BrowserActionsHelpers.java:268)
	at com.shaft.gui.browser.internal.BrowserActionsHelpers.capturePageSnapshot(BrowserActionsHelpers.java:268)
	at com.shaft.gui.browser.internal.BrowserActionsHelpers.capturePageSnapshot(BrowserActionsHelpers.java:268)
	at com.shaft.gui.browser.internal.BrowserActionsHelpers.capturePageSnapshot(BrowserActionsHelpers.java:268)
	at com.shaft.gui.browser.internal.BrowserActionsHelpers.capturePageSnapshot(BrowserActionsHelpers.java:268)
	at com.shaft.gui.browser.internal.BrowserActionsHelpers.capturePageSnapshot(BrowserActionsHelpers.java:268)
	at com.shaft.gui.browser.internal.BrowserActionsHelpers.capturePageSnapshot(BrowserActionsHelpers.java:268)
	at com.shaft.gui.browser.internal.BrowserActionsHelpers.capturePageSnapshot(BrowserActionsHelpers.java:268)
	at com.shaft.gui.browser.internal.BrowserActionsHelpers.capturePageSnapshot(BrowserActionsHelpers.java:268)
	at com.shaft.gui.browser.internal.BrowserActionsHelpers.capturePageSnapshot(BrowserActionsHelpers.java:268)
	at com.shaft.gui.browser.internal.BrowserActionsHelpers.capturePageSnapshot(BrowserActionsHelpers.java:268)
	at com.shaft.gui.browser.internal.BrowserActionsHelpers.capturePageSnapshot(BrowserActionsHelpers.java:268)
	at com.shaft.gui.browser.internal.BrowserActionsHelpers.capturePageSnapshot(BrowserActionsHelpers.java:268)
	at com.shaft.gui.browser.internal.BrowserActionsHelpers.capturePageSnapshot(BrowserActionsHelpers.java:268)
	at com.shaft.gui.browser.internal.BrowserActionsHelpers.capturePageSnapshot(BrowserActionsHelpers.java:268)
	at com.shaft.gui.browser.internal.BrowserActionsHelpers.capturePageSnapshot(BrowserActionsHelpers.java:268)
	at com.shaft.gui.browser.internal.BrowserActionsHelpers.capturePageSnapshot(BrowserActionsHelpers.java:268)
	at com.shaft.gui.browser.internal.BrowserActionsHelpers.capturePageSnapshot(BrowserActionsHelpers.java:268)
	at com.shaft.gui.browser.internal.BrowserActionsHelpers.capturePageSnapshot(BrowserActionsHelpers.java:268)
	at com.shaft.gui.browser.internal.BrowserActionsHelpers.capturePageSnapshot(BrowserActionsHelpers.java:268)
	at com.shaft.gui.browser.internal.BrowserActionsHelpers.capturePageSnapshot(BrowserActionsHelpers.java:268)
	at com.shaft.gui.browser.internal.BrowserActionsHelpers.capturePageSnapshot(BrowserActionsHelpers.java:268)
	at com.shaft.gui.browser.internal.BrowserActionsHelpers.capturePageSnapshot(BrowserActionsHelpers.java:268)
	at com.shaft.gui.browser.internal.BrowserActionsHelpers.capturePageSnapshot(BrowserActionsHelpers.java:268)
	at com.shaft.gui.browser.internal.BrowserActionsHelpers.capturePageSnapshot(BrowserActionsHelpers.java:268)
	at com.shaft.gui.browser.internal.BrowserActionsHelpers.capturePageSnapshot(BrowserActionsHelpers.java:268)
	at com.shaft.gui.browser.internal.BrowserActionsHelpers.capturePageSnapshot(BrowserActionsHelpers.java:268)
	at com.shaft.gui.browser.internal.BrowserActionsHelpers.capturePageSnapshot(BrowserActionsHelpers.java:268)
	at com.shaft.gui.browser.internal.BrowserActionsHelpers.capturePageSnapshot(BrowserActionsHelpers.java:268)
	at com.shaft.gui.browser.internal.BrowserActionsHelpers.capturePageSnapshot(BrowserActionsHelpers.java:268)
	at com.shaft.gui.browser.internal.BrowserActionsHelpers.capturePageSnapshot(BrowserActionsHelpers.java:268)
	at com.shaft.gui.browser.internal.BrowserActionsHelpers.capturePageSnapshot(BrowserActionsHelpers.java:268)
	at com.shaft.gui.browser.internal.BrowserActionsHelpers.capturePageSnapshot(BrowserActionsHelpers.java:268)
	at com.shaft.gui.browser.internal.BrowserActionsHelpers.capturePageSnapshot(BrowserActionsHelpers.java:268)
	at com.shaft.gui.browser.internal.BrowserActionsHelpers.capturePageSnapshot(BrowserActionsHelpers.java:268)
	at com.shaft.gui.browser.internal.BrowserActionsHelpers.capturePageSnapshot(BrowserActionsHelpers.java:268)
	at com.shaft.gui.browser.internal.BrowserActionsHelpers.capturePageSnapshot(BrowserActionsHelpers.java:268)
	at com.shaft.gui.browser.internal.BrowserActionsHelpers.capturePageSnapshot(BrowserActionsHelpers.java:268)
	at com.shaft.gui.browser.internal.BrowserActionsHelpers.capturePageSnapshot(BrowserActionsHelpers.java:268)
	at com.shaft.gui.browser.internal.BrowserActionsHelpers.capturePageSnapshot(BrowserActionsHelpers.java:268)
	at com.shaft.gui.browser.internal.BrowserActionsHelpers.capturePageSnapshot(BrowserActionsHelpers.java:268)
	at com.shaft.gui.browser.internal.BrowserActionsHelpers.capturePageSnapshot(BrowserActionsHelpers.java:268)
	at com.shaft.gui.browser.internal.BrowserActionsHelpers.capturePageSnapshot(BrowserActionsHelpers.java:268)
	at com.shaft.gui.browser.internal.BrowserActionsHelpers.capturePageSnapshot(BrowserActionsHelpers.java:268)
	at com.shaft.gui.browser.internal.BrowserActionsHelpers.capturePageSnapshot(BrowserActionsHelpers.java:268)
	at com.shaft.gui.browser.internal.BrowserActionsHelpers.capturePageSnapshot(BrowserActionsHelpers.java:268)
	at com.shaft.gui.browser.internal.BrowserActionsHelpers.capturePageSnapshot(BrowserActionsHelpers.java:268)
	at com.shaft.gui.browser.internal.BrowserActionsHelpers.capturePageSnapshot(BrowserActionsHelpers.java:268)
	at com.shaft.gui.browser.internal.BrowserActionsHelpers.capturePageSnapshot(BrowserActionsHelpers.java:268)
	at com.shaft.gui.browser.internal.BrowserActionsHelpers.capturePageSnapshot(BrowserActionsHelpers.java:268)
	at com.shaft.gui.browser.internal.BrowserActionsHelpers.capturePageSnapshot(BrowserActionsHelpers.java:268)
	at com.shaft.gui.browser.internal.BrowserActionsHelpers.capturePageSnapshot(BrowserActionsHelpers.java:268)
	at com.shaft.gui.browser.internal.BrowserActionsHelpers.capturePageSnapshot(BrowserActionsHelpers.java:268)
	at com.shaft.gui.browser.internal.BrowserActionsHelpers.capturePageSnapshot(BrowserActionsHelpers.java:268)
	at com.shaft.gui.browser.internal.BrowserActionsHelpers.capturePageSnapshot(BrowserActionsHelpers.java:268)
	at com.shaft.gui.browser.internal.BrowserActionsHelpers.capturePageSnapshot(BrowserActionsHelpers.java:268)
	at com.shaft.gui.browser.internal.BrowserActionsHelpers.capturePageSnapshot(BrowserActionsHelpers.java:268)
	at com.shaft.gui.browser.internal.BrowserActionsHelpers.capturePageSnapshot(BrowserActionsHelpers.java:268)
	at com.shaft.gui.browser.internal.BrowserActionsHelpers.capturePageSnapshot(BrowserActionsHelpers.java:268)
	at com.shaft.gui.browser.internal.BrowserActionsHelpers.capturePageSnapshot(BrowserActionsHelpers.java:268)
	at com.shaft.gui.browser.internal.BrowserActionsHelpers.capturePageSnapshot(BrowserActionsHelpers.java:268)
	at com.shaft.gui.browser.internal.BrowserActionsHelpers.capturePageSnapshot(BrowserActionsHelpers.java:268)
	at com.shaft.gui.browser.internal.BrowserActionsHelpers.capturePageSnapshot(BrowserActionsHelpers.java:268)
	at com.shaft.gui.browser.internal.BrowserActionsHelpers.capturePageSnapshot(BrowserActionsHelpers.java:268)
	at com.shaft.gui.browser.internal.BrowserActionsHelpers.capturePageSnapshot(BrowserActionsHelpers.java:268)
	at com.shaft.gui.browser.internal.BrowserActionsHelpers.capturePageSnapshot(BrowserActionsHelpers.java:268)
	at com.shaft.gui.browser.internal.BrowserActionsHelpers.capturePageSnapshot(BrowserActionsHelpers.java:268)
	at com.shaft.gui.browser.internal.BrowserActionsHelpers.capturePageSnapshot(BrowserActionsHelpers.java:268)
	at com.shaft.gui.browser.internal.BrowserActionsHelpers.capturePageSnapshot(BrowserActionsHelpers.java:268)
	at com.shaft.gui.browser.internal.BrowserActionsHelpers.capturePageSnapshot(BrowserActionsHelpers.java:268)
	at com.shaft.gui.browser.internal.BrowserActionsHelpers.capturePageSnapshot(BrowserActionsHelpers.java:268)
	at com.shaft.gui.browser.internal.BrowserActionsHelpers.capturePageSnapshot(BrowserActionsHelpers.java:268)
	at com.shaft.gui.browser.internal.BrowserActionsHelpers.capturePageSnapshot(BrowserActionsHelpers.java:268)
	at com.shaft.gui.browser.internal.BrowserActionsHelpers.capturePageSnapshot(BrowserActionsHelpers.java:268)
	at com.shaft.gui.browser.internal.BrowserActionsHelpers.capturePageSnapshot(BrowserActionsHelpers.java:268)
	at com.shaft.gui.browser.internal.BrowserActionsHelpers.capturePageSnapshot(BrowserActionsHelpers.java:268)
	at com.shaft.gui.browser.internal.BrowserActionsHelpers.capturePageSnapshot(BrowserActionsHelpers.java:268)
	at com.shaft.gui.browser.internal.BrowserActionsHelpers.capturePageSnapshot(BrowserActionsHelpers.java:268)
	at com.shaft.gui.browser.internal.BrowserActionsHelpers.capturePageSnapshot(BrowserActionsHelpers.java:268)
	at com.shaft.gui.browser.internal.BrowserActionsHelpers.capturePageSnapshot(BrowserActionsHelpers.java:268)
	at com.shaft.gui.browser.internal.BrowserActionsHelpers.capturePageSnapshot(BrowserActionsHelpers.java:268)
	at com.shaft.gui.browser.internal.BrowserActionsHelpers.capturePageSnapshot(BrowserActionsHelpers.java:268)
	at com.shaft.gui.browser.internal.BrowserActionsHelpers.capturePageSnapshot(BrowserActionsHelpers.java:268)
	at com.shaft.gui.browser.internal.BrowserActionsHelpers.capturePageSnapshot(BrowserActionsHelpers.java:268)
	at com.shaft.gui.browser.internal.BrowserActionsHelpers.capturePageSnapshot(BrowserActionsHelpers.java:268)
	at com.shaft.gui.browser.internal.BrowserActionsHelpers.capturePageSnapshot(BrowserActionsHelpers.java:268)
	at com.shaft.gui.browser.internal.BrowserActionsHelpers.capturePageSnapshot(BrowserActionsHelpers.java:268)
	at com.shaft.gui.browser.internal.BrowserActionsHelpers.capturePageSnapshot(BrowserActionsHelpers.java:268)
	at com.shaft.gui.browser.internal.BrowserActionsHelpers.capturePageSnapshot(BrowserActionsHelpers.java:268)
	at com.shaft.gui.browser.internal.BrowserActionsHelpers.capturePageSnapshot(BrowserActionsHelpers.java:268)
	at com.shaft.gui.browser.internal.BrowserActionsHelpers.capturePageSnapshot(BrowserActionsHelpers.java:268)
	at com.shaft.gui.browser.internal.BrowserActionsHelpers.capturePageSnapshot(BrowserActionsHelpers.java:268)
	at com.shaft.gui.browser.internal.BrowserActionsHelpers.capturePageSnapshot(BrowserActionsHelpers.java:268)
	at com.shaft.gui.browser.internal.BrowserActionsHelpers.capturePageSnapshot(BrowserActionsHelpers.java:268)
	at com.shaft.gui.browser.internal.BrowserActionsHelpers.capturePageSnapshot(BrowserActionsHelpers.java:268)
	at com.shaft.gui.browser.internal.BrowserActionsHelpers.capturePageSnapshot(BrowserActionsHelpers.java:268)
	at com.shaft.gui.browser.internal.BrowserActionsHelpers.capturePageSnapshot(BrowserActionsHelpers.java:268)
	at com.shaft.gui.browser.internal.BrowserActionsHelpers.capturePageSnapshot(BrowserActionsHelpers.java:268)
	at com.shaft.gui.browser.internal.BrowserActionsHelpers.capturePageSnapshot(BrowserActionsHelpers.java:268)
	at com.shaft.gui.browser.internal.BrowserActionsHelpers.capturePageSnapshot(BrowserActionsHelpers.java:268)
	at com.shaft.gui.browser.internal.BrowserActionsHelpers.capturePageSnapshot(BrowserActionsHelpers.java:268)
	at com.shaft.gui.browser.internal.BrowserActionsHelpers.capturePageSnapshot(BrowserActionsHelpers.java:268)
	at com.shaft.gui.browser.internal.BrowserActionsHelpers.capturePageSnapshot(BrowserActionsHelpers.java:268)
	at com.shaft.gui.browser.internal.BrowserActionsHelpers.capturePageSnapshot(BrowserActionsHelpers.java:268)
	at com.shaft.gui.browser.internal.BrowserActionsHelpers.capturePageSnapshot(BrowserActionsHelpers.java:268)
	at com.shaft.gui.browser.internal.BrowserActionsHelpers.capturePageSnapshot(BrowserActionsHelpers.java:268)
	at com.shaft.gui.browser.internal.BrowserActionsHelpers.capturePageSnapshot(BrowserActionsHelpers.java:268)
	at com.shaft.gui.browser.internal.BrowserActionsHelpers.capturePageSnapshot(BrowserActionsHelpers.java:268)
	at com.shaft.gui.browser.internal.BrowserActionsHelpers.capturePageSnapshot(BrowserActionsHelpers.java:268)
	at com.shaft.gui.browser.internal.BrowserActionsHelpers.capturePageSnapshot(BrowserActionsHelpers.java:268)
	at com.shaft.gui.browser.internal.BrowserActionsHelpers.capturePageSnapshot(BrowserActionsHelpers.java:268)
	at com.shaft.gui.browser.internal.BrowserActionsHelpers.capturePageSnapshot(BrowserActionsHelpers.java:268)
	at com.shaft.gui.browser.internal.BrowserActionsHelpers.capturePageSnapshot(BrowserActionsHelpers.java:268)
	at com.shaft.gui.browser.internal.BrowserActionsHelpers.capturePageSnapshot(BrowserActionsHelpers.java:268)
	at com.shaft.gui.browser.internal.BrowserActionsHelpers.capturePageSnapshot(BrowserActionsHelpers.java:268)
	at com.shaft.gui.browser.internal.BrowserActionsHelpers.capturePageSnapshot(BrowserActionsHelpers.java:268)
	at com.shaft.gui.browser.internal.BrowserActionsHelpers.capturePageSnapshot(BrowserActionsHelpers.java:268)
	at com.shaft.gui.browser.internal.BrowserActionsHelpers.capturePageSnapshot(BrowserActionsHelpers.java:268)
	at com.shaft.gui.browser.internal.BrowserActionsHelpers.capturePageSnapshot(BrowserActionsHelpers.java:268)
	at com.shaft.gui.browser.internal.BrowserActionsHelpers.capturePageSnapshot(BrowserActionsHelpers.java:268)
	at com.shaft.gui.browser.internal.BrowserActionsHelpers.capturePageSnapshot(BrowserActionsHelpers.java:268)
	at com.shaft.gui.browser.internal.BrowserActionsHelpers.capturePageSnapshot(BrowserActionsHelpers.java:268)
	at com.shaft.gui.browser.internal.BrowserActionsHelpers.capturePageSnapshot(BrowserActionsHelpers.java:268)
	at com.shaft.gui.browser.internal.BrowserActionsHelpers.capturePageSnapshot(BrowserActionsHelpers.java:268)
	at com.shaft.gui.browser.internal.BrowserActionsHelpers.capturePageSnapshot(BrowserActionsHelpers.java:268)
	at com.shaft.gui.browser.internal.BrowserActionsHelpers.capturePageSnapshot(BrowserActionsHelpers.java:268)
	at com.shaft.gui.browser.internal.BrowserActionsHelpers.capturePageSnapshot(BrowserActionsHelpers.java:268)
[...]
	at com.shaft.gui.browser.internal.BrowserActionsHelpers.capturePageSnapshot(BrowserActionsHelpers.java:268)
	at com.shaft.gui.browser.internal.BrowserActionsHelpers.capturePageSnapshot(BrowserActionsHelpers.java:268)
	at com.shaft.gui.browser.internal.BrowserActionsHelpers.capturePageSnapshot(BrowserActionsHelpers.java:268)
	at com.shaft.gui.browser.internal.BrowserActionsHelpers.capturePageSnapshot(BrowserActionsHelpers.java:268)
	at com.shaft.gui.browser.internal.BrowserActionsHelpers.capturePageSnapshot(BrowserActionsHelpers.java:268)
	at com.shaft.gui.browser.internal.BrowserActionsHelpers.capturePageSnapshot(BrowserActionsHelpers.java:268)
	at com.shaft.gui.browser.internal.BrowserActionsHelpers.capturePageSnapshot(BrowserActionsHelpers.java:268)
	at com.shaft.gui.browser.internal.BrowserActionsHelpers.capturePageSnapshot(BrowserActionsHelpers.java:268)
	at com.shaft.gui.browser.internal.BrowserActionsHelpers.capturePageSnapshot(BrowserActionsHelpers.java:268)
	at com.shaft.gui.browser.internal.BrowserActionsHelpers.capturePageSnapshot(BrowserActionsHelpers.java:268)
	at com.shaft.gui.browser.internal.BrowserActionsHelpers.capturePageSnapshot(BrowserActionsHelpers.java:268)
	at com.shaft.gui.browser.internal.BrowserActionsHelpers.capturePageSnapshot(BrowserActionsHelpers.java:268)
	at com.shaft.gui.browser.internal.BrowserActionsHelpers.capturePageSnapshot(BrowserActionsHelpers.java:268)
	at com.shaft.gui.browser.internal.BrowserActionsHelpers.capturePageSnapshot(BrowserActionsHelpers.java:268)
	at com.shaft.gui.browser.internal.BrowserActionsHelpers.capturePageSnapshot(BrowserActionsHelpers.java:268)
	at com.shaft.gui.browser.internal.BrowserActionsHelpers.capturePageSnapshot(BrowserActionsHelpers.java:268)
	at com.shaft.gui.browser.internal.BrowserActionsHelpers.capturePageSnapshot(BrowserActionsHelpers.java:268)
	at com.shaft.gui.browser.internal.BrowserActionsHelpers.capturePageSnapshot(BrowserActionsHelpers.java:268)
	at com.shaft.gui.browser.internal.BrowserActionsHelpers.capturePageSnapshot(BrowserActionsHelpers.java:268)
	at com.shaft.gui.browser.internal.BrowserActionsHelpers.capturePageSnapshot(BrowserActionsHelpers.java:268)
	at com.shaft.gui.browser.internal.BrowserActionsHelpers.capturePageSnapshot(BrowserActionsHelpers.java:268)
	at com.shaft.gui.browser.internal.BrowserActionsHelpers.capturePageSnapshot(BrowserActionsHelpers.java:268)
	at com.shaft.gui.browser.internal.BrowserActionsHelpers.capturePageSnapshot(BrowserActionsHelpers.java:268)
	at com.shaft.gui.browser.internal.BrowserActionsHelpers.capturePageSnapshot(BrowserActionsHelpers.java:268)
	at com.shaft.gui.browser.internal.BrowserActionsHelpers.capturePageSnapshot(BrowserActionsHelpers.java:268)
	at com.shaft.gui.browser.internal.BrowserActionsHelpers.capturePageSnapshot(BrowserActionsHelpers.java:268)
	at com.shaft.gui.browser.internal.BrowserActionsHelpers.capturePageSnapshot(BrowserActionsHelpers.java:268)
	at com.shaft.gui.browser.internal.BrowserActionsHelpers.capturePageSnapshot(BrowserActionsHelpers.java:268)
	at com.shaft.gui.browser.internal.BrowserActionsHelpers.capturePageSnapshot(BrowserActionsHelpers.java:268)
	at com.shaft.gui.browser.internal.BrowserActionsHelpers.capturePageSnapshot(BrowserActionsHelpers.java:268)
	at com.shaft.gui.browser.internal.BrowserActionsHelpers.capturePageSnapshot(BrowserActionsHelpers.java:268)
	at com.shaft.gui.browser.internal.BrowserActionsHelpers.capturePageSnapshot(BrowserActionsHelpers.java:268)
	at com.shaft.gui.browser.internal.BrowserActionsHelpers.capturePageSnapshot(BrowserActionsHelpers.java:268)
	at com.shaft.gui.browser.internal.BrowserActionsHelpers.capturePageSnapshot(BrowserActionsHelpers.java:268)
	at com.shaft.gui.browser.internal.BrowserActionsHelpers.capturePageSnapshot(BrowserActionsHelpers.java:268)
	at com.shaft.gui.browser.internal.BrowserActionsHelpers.capturePageSnapshot(BrowserActionsHelpers.java:268)
	at com.shaft.gui.browser.internal.BrowserActionsHelpers.capturePageSnapshot(BrowserActionsHelpers.java:268)
	at com.shaft.gui.browser.internal.BrowserActionsHelpers.capturePageSnapshot(BrowserActionsHelpers.java:268)
	at com.shaft.gui.browser.internal.BrowserActionsHelpers.capturePageSnapshot(BrowserActionsHelpers.java:268)
	at com.shaft.gui.browser.internal.BrowserActionsHelpers.capturePageSnapshot(BrowserActionsHelpers.java:268)
	at com.shaft.gui.browser.internal.BrowserActionsHelpers.capturePageSnapshot(BrowserActionsHelpers.java:268)
	at com.shaft.gui.browser.internal.BrowserActionsHelpers.capturePageSnapshot(BrowserActionsHelpers.java:268)
	at com.shaft.gui.browser.internal.BrowserActionsHelpers.capturePageSnapshot(BrowserActionsHelpers.java:268)
	at com.shaft.gui.browser.internal.BrowserActionsHelpers.capturePageSnapshot(BrowserActionsHelpers.java:268)
	at com.shaft.gui.browser.internal.BrowserActionsHelpers.capturePageSnapshot(BrowserActionsHelpers.java:268)
	at com.shaft.gui.browser.internal.BrowserActionsHelpers.capturePageSnapshot(BrowserActionsHelpers.java:268)
	at com.shaft.gui.browser.internal.BrowserActionsHelpers.capturePageSnapshot(BrowserActionsHelpers.java:268)
	at com.shaft.gui.browser.internal.BrowserActionsHelpers.capturePageSnapshot(BrowserActionsHelpers.java:268)
	at com.shaft.gui.browser.internal.BrowserActionsHelpers.capturePageSnapshot(BrowserActionsHelpers.java:268)
	at com.shaft.gui.browser.internal.BrowserActionsHelpers.capturePageSnapshot(BrowserActionsHelpers.java:268)
	at com.shaft.gui.browser.internal.BrowserActionsHelpers.capturePageSnapshot(BrowserActionsHelpers.java:268)
	at com.shaft.gui.browser.internal.BrowserActionsHelpers.capturePageSnapshot(BrowserActionsHelpers.java:268)
	at com.shaft.gui.browser.internal.BrowserActionsHelpers.capturePageSnapshot(BrowserActionsHelpers.java:268)
	at com.shaft.gui.browser.internal.BrowserActionsHelpers.capturePageSnapshot(BrowserActionsHelpers.java:268)
	at com.shaft.gui.browser.internal.BrowserActionsHelpers.capturePageSnapshot(BrowserActionsHelpers.java:268)
	at com.shaft.gui.browser.internal.BrowserActionsHelpers.capturePageSnapshot(BrowserActionsHelpers.java:268)
	at com.shaft.gui.browser.internal.BrowserActionsHelpers.capturePageSnapshot(BrowserActionsHelpers.java:268)
	at com.shaft.gui.browser.internal.BrowserActionsHelpers.capturePageSnapshot(BrowserActionsHelpers.java:268)
	at com.shaft.gui.browser.internal.BrowserActionsHelpers.capturePageSnapshot(BrowserActionsHelpers.java:268)
	at com.shaft.gui.browser.internal.BrowserActionsHelpers.capturePageSnapshot(BrowserActionsHelpers.java:268)
	at com.shaft.gui.browser.internal.BrowserActionsHelpers.capturePageSnapshot(BrowserActionsHelpers.java:268)
	at com.shaft.gui.browser.internal.BrowserActionsHelpers.capturePageSnapshot(BrowserActionsHelpers.java:268)
	at com.shaft.gui.browser.internal.BrowserActionsHelpers.capturePageSnapshot(BrowserActionsHelpers.java:268)
	at com.shaft.gui.browser.internal.BrowserActionsHelpers.capturePageSnapshot(BrowserActionsHelpers.java:268)
	at com.shaft.gui.browser.internal.BrowserActionsHelpers.capturePageSnapshot(BrowserActionsHelpers.java:268)
	at com.shaft.gui.browser.internal.BrowserActionsHelpers.capturePageSnapshot(BrowserActionsHelpers.java:268)
	at com.shaft.gui.browser.internal.BrowserActionsHelpers.capturePageSnapshot(BrowserActionsHelpers.java:268)
	at com.shaft.gui.browser.internal.BrowserActionsHelpers.capturePageSnapshot(BrowserActionsHelpers.java:268)
	at com.shaft.gui.browser.internal.BrowserActionsHelpers.capturePageSnapshot(BrowserActionsHelpers.java:268)
	at com.shaft.gui.browser.internal.BrowserActionsHelpers.capturePageSnapshot(BrowserActionsHelpers.java:268)
	at com.shaft.gui.browser.internal.BrowserActionsHelpers.capturePageSnapshot(BrowserActionsHelpers.java:268)
	at com.shaft.gui.browser.internal.BrowserActionsHelpers.capturePageSnapshot(BrowserActionsHelpers.java:268)
	at com.shaft.gui.browser.internal.BrowserActionsHelpers.capturePageSnapshot(BrowserActionsHelpers.java:268)
	at com.shaft.gui.browser.internal.BrowserActionsHelpers.capturePageSnapshot(BrowserActionsHelpers.java:268)
	at com.shaft.gui.browser.internal.BrowserActionsHelpers.capturePageSnapshot(BrowserActionsHelpers.java:268)
	at com.shaft.gui.browser.internal.BrowserActionsHelpers.capturePageSnapshot(BrowserActionsHelpers.java:268)
	at com.shaft.gui.browser.internal.BrowserActionsHelpers.capturePageSnapshot(BrowserActionsHelpers.java:268)
	at com.shaft.gui.browser.internal.BrowserActionsHelpers.capturePageSnapshot(BrowserActionsHelpers.java:268)
	at com.shaft.gui.browser.internal.BrowserActionsHelpers.capturePageSnapshot(BrowserActionsHelpers.java:268)
	at com.shaft.gui.browser.internal.BrowserActionsHelpers.capturePageSnapshot(BrowserActionsHelpers.java:268)
	at com.shaft.gui.browser.internal.BrowserActionsHelpers.capturePageSnapshot(BrowserActionsHelpers.java:268)
	at com.shaft.gui.browser.internal.BrowserActionsHelpers.capturePageSnapshot(BrowserActionsHelpers.java:268)
	at com.shaft.gui.browser.internal.BrowserActionsHelpers.capturePageSnapshot(BrowserActionsHelpers.java:268)
	at com.shaft.gui.browser.internal.BrowserActionsHelpers.capturePageSnapshot(BrowserActionsHelpers.java:268)
	at com.shaft.gui.browser.internal.BrowserActionsHelpers.capturePageSnapshot(BrowserActionsHelpers.java:268)
	at com.shaft.gui.browser.internal.BrowserActionsHelpers.capturePageSnapshot(BrowserActionsHelpers.java:268)
	at com.shaft.gui.browser.internal.BrowserActionsHelpers.capturePageSnapshot(BrowserActionsHelpers.java:268)
	at com.shaft.gui.browser.internal.BrowserActionsHelpers.capturePageSnapshot(BrowserActionsHelpers.java:268)
	at com.shaft.gui.browser.internal.BrowserActionsHelpers.capturePageSnapshot(BrowserActionsHelpers.java:268)
	at com.shaft.gui.browser.internal.BrowserActionsHelpers.capturePageSnapshot(BrowserActionsHelpers.java:268)
	at com.shaft.gui.browser.internal.BrowserActionsHelpers.capturePageSnapshot(BrowserActionsHelpers.java:268)
	at com.shaft.gui.browser.internal.BrowserActionsHelpers.capturePageSnapshot(BrowserActionsHelpers.java:268)
	at com.shaft.gui.browser.internal.BrowserActionsHelpers.capturePageSnapshot(BrowserActionsHelpers.java:268)
	at com.shaft.gui.browser.internal.BrowserActionsHelpers.capturePageSnapshot(BrowserActionsHelpers.java:268)
	at com.shaft.gui.browser.internal.BrowserActionsHelpers.capturePageSnapshot(BrowserActionsHelpers.java:268)
	at com.shaft.gui.browser.internal.BrowserActionsHelpers.capturePageSnapshot(BrowserActionsHelpers.java:268)
	at com.shaft.gui.browser.internal.BrowserActionsHelpers.capturePageSnapshot(BrowserActionsHelpers.java:268)
	at com.shaft.gui.browser.internal.BrowserActionsHelpers.capturePageSnapshot(BrowserActionsHelpers.java:268)
	at com.shaft.gui.browser.internal.BrowserActionsHelpers.capturePageSnapshot(BrowserActionsHelpers.java:268)
	at com.shaft.gui.browser.internal.BrowserActionsHelpers.capturePageSnapshot(BrowserActionsHelpers.java:268)
	at com.shaft.gui.browser.internal.BrowserActionsHelpers.capturePageSnapshot(BrowserActionsHelpers.java:268)
	at com.shaft.gui.browser.internal.BrowserActionsHelpers.capturePageSnapshot(BrowserActionsHelpers.java:268)
	at com.shaft.gui.browser.internal.BrowserActionsHelpers.capturePageSnapshot(BrowserActionsHelpers.java:268)
	at com.shaft.gui.browser.internal.BrowserActionsHelpers.capturePageSnapshot(BrowserActionsHelpers.java:268)
	at com.shaft.gui.browser.internal.BrowserActionsHelpers.capturePageSnapshot(BrowserActionsHelpers.java:268)
	at com.shaft.gui.browser.internal.BrowserActionsHelpers.capturePageSnapshot(BrowserActionsHelpers.java:268)
	at com.shaft.gui.browser.internal.BrowserActionsHelpers.capturePageSnapshot(BrowserActionsHelpers.java:268)
	at com.shaft.gui.browser.internal.BrowserActionsHelpers.capturePageSnapshot(BrowserActionsHelpers.java:268)
	at com.shaft.gui.browser.internal.BrowserActionsHelpers.capturePageSnapshot(BrowserActionsHelpers.java:268)
	at com.shaft.gui.browser.internal.BrowserActionsHelpers.capturePageSnapshot(BrowserActionsHelpers.java:268)
	at com.shaft.gui.browser.internal.BrowserActionsHelpers.capturePageSnapshot(BrowserActionsHelpers.java:268)
	at com.shaft.gui.browser.internal.BrowserActionsHelpers.capturePageSnapshot(BrowserActionsHelpers.java:268)
	at com.shaft.gui.browser.internal.BrowserActionsHelpers.capturePageSnapshot(BrowserActionsHelpers.java:268)
	at com.shaft.gui.browser.internal.BrowserActionsHelpers.capturePageSnapshot(BrowserActionsHelpers.java:268)
	at com.shaft.gui.browser.internal.BrowserActionsHelpers.capturePageSnapshot(BrowserActionsHelpers.java:268)
	at com.shaft.gui.browser.internal.BrowserActionsHelpers.capturePageSnapshot(BrowserActionsHelpers.java:268)
	at com.shaft.gui.browser.internal.BrowserActionsHelpers.capturePageSnapshot(BrowserActionsHelpers.java:268)
	at com.shaft.gui.browser.internal.BrowserActionsHelpers.capturePageSnapshot(BrowserActionsHelpers.java:268)
	at com.shaft.gui.browser.internal.BrowserActionsHelpers.capturePageSnapshot(BrowserActionsHelpers.java:268)
	at com.shaft.gui.browser.internal.BrowserActionsHelpers.capturePageSnapshot(BrowserActionsHelpers.java:268)
	at com.shaft.gui.browser.internal.BrowserActionsHelpers.capturePageSnapshot(BrowserActionsHelpers.java:268)
	at com.shaft.gui.browser.internal.BrowserActionsHelpers.capturePageSnapshot(BrowserActionsHelpers.java:268)
	at com.shaft.gui.browser.internal.BrowserActionsHelpers.capturePageSnapshot(BrowserActionsHelpers.java:268)
	at com.shaft.gui.browser.internal.BrowserActionsHelpers.capturePageSnapshot(BrowserActionsHelpers.java:268)
	at com.shaft.gui.browser.internal.BrowserActionsHelpers.capturePageSnapshot(BrowserActionsHelpers.java:268)
	at com.shaft.gui.browser.internal.BrowserActionsHelpers.capturePageSnapshot(BrowserActionsHelpers.java:268)
	at com.shaft.gui.browser.internal.BrowserActionsHelpers.capturePageSnapshot(BrowserActionsHelpers.java:268)
	at com.shaft.gui.browser.internal.BrowserActionsHelpers.capturePageSnapshot(BrowserActionsHelpers.java:268)
	at com.shaft.gui.browser.internal.BrowserActionsHelpers.capturePageSnapshot(BrowserActionsHelpers.java:268)
	at com.shaft.gui.browser.internal.BrowserActionsHelpers.capturePageSnapshot(BrowserActionsHelpers.java:268)
	at com.shaft.gui.browser.internal.BrowserActionsHelpers.capturePageSnapshot(BrowserActionsHelpers.java:268)
	at com.shaft.gui.browser.internal.BrowserActionsHelpers.capturePageSnapshot(BrowserActionsHelpers.java:268)
	at com.shaft.gui.browser.internal.BrowserActionsHelpers.capturePageSnapshot(BrowserActionsHelpers.java:268)
	at com.shaft.gui.browser.internal.BrowserActionsHelpers.capturePageSnapshot(BrowserActionsHelpers.java:268)
	at com.shaft.gui.browser.internal.BrowserActionsHelpers.capturePageSnapshot(BrowserActionsHelpers.java:268)
	at com.shaft.gui.browser.internal.BrowserActionsHelpers.capturePageSnapshot(BrowserActionsHelpers.java:268)
	at com.shaft.gui.browser.internal.BrowserActionsHelpers.capturePageSnapshot(BrowserActionsHelpers.java:268)
	at com.shaft.gui.browser.internal.BrowserActionsHelpers.capturePageSnapshot(BrowserActionsHelpers.java:268)
	at com.shaft.gui.browser.internal.BrowserActionsHelpers.capturePageSnapshot(BrowserActionsHelpers.java:268)
	at com.shaft.gui.browser.internal.BrowserActionsHelpers.capturePageSnapshot(BrowserActionsHelpers.java:268)
	at com.shaft.gui.browser.internal.BrowserActionsHelpers.capturePageSnapshot(BrowserActionsHelpers.java:268)
	at com.shaft.gui.browser.internal.BrowserActionsHelpers.capturePageSnapshot(BrowserActionsHelpers.java:268)
	at com.shaft.gui.browser.internal.BrowserActionsHelpers.capturePageSnapshot(BrowserActionsHelpers.java:268)
	at com.shaft.gui.browser.internal.BrowserActionsHelpers.capturePageSnapshot(BrowserActionsHelpers.java:268)
	at com.shaft.gui.browser.internal.BrowserActionsHelpers.capturePageSnapshot(BrowserActionsHelpers.java:268)
	at com.shaft.gui.browser.internal.BrowserActionsHelpers.capturePageSnapshot(BrowserActionsHelpers.java:268)
	at com.shaft.gui.browser.internal.BrowserActionsHelpers.capturePageSnapshot(BrowserActionsHelpers.java:268)
	at com.shaft.gui.browser.internal.BrowserActionsHelpers.capturePageSnapshot(BrowserActionsHelpers.java:268)
	at com.shaft.gui.browser.internal.BrowserActionsHelpers.capturePageSnapshot(BrowserActionsHelpers.java:268)
	at com.shaft.gui.browser.internal.BrowserActionsHelpers.capturePageSnapshot(BrowserActionsHelpers.java:268)
	at com.shaft.gui.browser.internal.BrowserActionsHelpers.capturePageSnapshot(BrowserActionsHelpers.java:268)
	at com.shaft.gui.browser.internal.BrowserActionsHelpers.capturePageSnapshot(BrowserActionsHelpers.java:268)
	at com.shaft.gui.browser.internal.BrowserActionsHelpers.capturePageSnapshot(BrowserActionsHelpers.java:268)
	at com.shaft.gui.browser.internal.BrowserActionsHelpers.capturePageSnapshot(BrowserActionsHelpers.java:268)
	at com.shaft.gui.browser.internal.BrowserActionsHelpers.capturePageSnapshot(BrowserActionsHelpers.java:268)
	at com.shaft.gui.browser.internal.BrowserActionsHelpers.capturePageSnapshot(BrowserActionsHelpers.java:268)
	at com.shaft.gui.browser.internal.BrowserActionsHelpers.capturePageSnapshot(BrowserActionsHelpers.java:268)
	at com.shaft.gui.browser.internal.BrowserActionsHelpers.capturePageSnapshot(BrowserActionsHelpers.java:268)
	at com.shaft.gui.browser.internal.BrowserActionsHelpers.capturePageSnapshot(BrowserActionsHelpers.java:268)
	at com.shaft.gui.browser.internal.BrowserActionsHelpers.capturePageSnapshot(BrowserActionsHelpers.java:268)
	at com.shaft.gui.browser.internal.BrowserActionsHelpers.capturePageSnapshot(BrowserActionsHelpers.java:268)
	at com.shaft.gui.browser.internal.BrowserActionsHelpers.capturePageSnapshot(BrowserActionsHelpers.java:268)
	at com.shaft.gui.browser.internal.BrowserActionsHelpers.capturePageSnapshot(BrowserActionsHelpers.java:268)
	at com.shaft.gui.browser.internal.BrowserActionsHelpers.capturePageSnapshot(BrowserActionsHelpers.java:268)
	at com.shaft.gui.browser.internal.BrowserActionsHelpers.capturePageSnapshot(BrowserActionsHelpers.java:268)
	at com.shaft.gui.browser.internal.BrowserActionsHelpers.capturePageSnapshot(BrowserActionsHelpers.java:268)
	at com.shaft.gui.browser.internal.BrowserActionsHelpers.capturePageSnapshot(BrowserActionsHelpers.java:268)
	at com.shaft.gui.browser.internal.BrowserActionsHelpers.capturePageSnapshot(BrowserActionsHelpers.java:268)
	at com.shaft.gui.browser.internal.BrowserActionsHelpers.capturePageSnapshot(BrowserActionsHelpers.java:268)
]]></failure>
    <system-out><![CDATA[&amp#27;[38;2;0;96;168;1m[INFO]&amp#27;[m &amp#27;[m
------------------------------------------------------------------------------------------------------------------------------------------------
                                             Starting execution of after method configuration method                                             
                                                          'GuiTests.SaTest.AfterMethod'                                                          
------------------------------------------------------------------------------------------------------------------------------------------------
 &amp#27;[m&amp#27;[90m| com.shaft.tools.io.ReportManager&amp#27;[m &amp#27;[90m- main&amp#27;[m &amp#27;[90m- 12:51:01 PM&amp#27;[m 
&amp#27;[38;2;0;96;168;1m[INFO]&amp#27;[m &amp#27;[mSuccessfully Closed Driver. &amp#27;[m&amp#27;[90m| com.shaft.tools.io.ReportManager&amp#27;[m &amp#27;[90m- main&amp#27;[m &amp#27;[90m- 12:51:15 PM&amp#27;[m 
&amp#27;[31;1m[ERROR]&amp#27;[m &amp#27;[mCould not add attachment: no test is running &amp#27;[m&amp#27;[90m| io.qameta.allure.AllureLifecycle&amp#27;[m &amp#27;[90m- main&amp#27;[m &amp#27;[90m- 12:51:15 PM&amp#27;[m 
&amp#27;[38;2;0;96;168;1m[INFO]&amp#27;[m &amp#27;[mSuccessfully created attachment 'SHAFT Engine Logs - Current Method log: AfterMethod' &amp#27;[m&amp#27;[90m| com.shaft.tools.io.ReportManager&amp#27;[m &amp#27;[90m- main&amp#27;[m &amp#27;[90m- 12:51:15 PM&amp#27;[m 
]]></system-out>
  </testcase>
</testsuite>